
  .   ____          _            __ _ _
 /\\ / ___'_ __ _ _(_)_ __  __ _ \ \ \ \
( ( )\___ | '_ | '_| | '_ \/ _` | \ \ \ \
 \\/  ___)| |_)| | | | | || (_| |  ) ) ) )
  '  |____| .__|_| |_|_| |_\__, | / / / /
 =========|_|==============|___/=/_/_/_/

[32m :: Spring Boot :: [39m     [2m (v3.4.2-SNAPSHOT)[0;39m

[2m2025-03-27T23:03:07.276+08:00[0;39m [32m INFO[0;39m [35m92065[0;39m [2m--- [server] [           main] [0;39m[36mcom.server.ServerApplication            [0;39m [2m:[0;39m Starting ServerApplication using Java 21.0.6 with PID 92065 (/Users/alexwong/Documents/Github_Cloned_Project/ive-fyp/server/target/classes started by alexwong in /Users/alexwong/Documents/Github_Cloned_Project/ive-fyp)
[2m2025-03-27T23:03:07.276+08:00[0;39m [32m INFO[0;39m [35m92065[0;39m [2m--- [server] [           main] [0;39m[36mcom.server.ServerApplication            [0;39m [2m:[0;39m No active profile set, falling back to 1 default profile: "default"
[2m2025-03-27T23:03:07.648+08:00[0;39m [32m INFO[0;39m [35m92065[0;39m [2m--- [server] [           main] [0;39m[36mo.s.b.w.embedded.tomcat.TomcatWebServer [0;39m [2m:[0;39m Tomcat initialized with port 8080 (http)
[2m2025-03-27T23:03:07.655+08:00[0;39m [32m INFO[0;39m [35m92065[0;39m [2m--- [server] [           main] [0;39m[36mo.apache.catalina.core.StandardService  [0;39m [2m:[0;39m Starting service [Tomcat]
[2m2025-03-27T23:03:07.655+08:00[0;39m [32m INFO[0;39m [35m92065[0;39m [2m--- [server] [           main] [0;39m[36mo.apache.catalina.core.StandardEngine   [0;39m [2m:[0;39m Starting Servlet engine: [Apache Tomcat/10.1.34]
[2m2025-03-27T23:03:07.676+08:00[0;39m [32m INFO[0;39m [35m92065[0;39m [2m--- [server] [           main] [0;39m[36mo.a.c.c.C.[Tomcat].[localhost].[/]      [0;39m [2m:[0;39m Initializing Spring embedded WebApplicationContext
[2m2025-03-27T23:03:07.677+08:00[0;39m [32m INFO[0;39m [35m92065[0;39m [2m--- [server] [           main] [0;39m[36mw.s.c.ServletWebServerApplicationContext[0;39m [2m:[0;39m Root WebApplicationContext: initialization completed in 385 ms
[2m2025-03-27T23:03:07.950+08:00[0;39m [32m INFO[0;39m [35m92065[0;39m [2m--- [server] [           main] [0;39m[36mo.s.b.w.embedded.tomcat.TomcatWebServer [0;39m [2m:[0;39m Tomcat started on port 8080 (http) with context path '/'
[2m2025-03-27T23:03:07.954+08:00[0;39m [32m INFO[0;39m [35m92065[0;39m [2m--- [server] [           main] [0;39m[36mcom.server.ServerApplication            [0;39m [2m:[0;39m Started ServerApplication in 0.829 seconds (process running for 0.999)
org.springframework.boot.web.servlet.context.AnnotationConfigServletWebServerApplicationContext@7ba8c737, started on Thu Mar 27 23:03:07 HKT 2025
[2m2025-03-27T23:03:07.955+08:00[0;39m [32m INFO[0;39m [35m92065[0;39m [2m--- [server] [           main] [0;39m[36mcom.server.ServerApplication            [0;39m [2m:[0;39m Server is running on port 8080
[2m2025-03-27T23:03:14.367+08:00[0;39m [32m INFO[0;39m [35m92065[0;39m [2m--- [server] [nio-8080-exec-1] [0;39m[36mo.a.c.c.C.[Tomcat].[localhost].[/]      [0;39m [2m:[0;39m Initializing Spring DispatcherServlet 'dispatcherServlet'
[2m2025-03-27T23:03:14.367+08:00[0;39m [32m INFO[0;39m [35m92065[0;39m [2m--- [server] [nio-8080-exec-1] [0;39m[36mo.s.web.servlet.DispatcherServlet       [0;39m [2m:[0;39m Initializing Servlet 'dispatcherServlet'
[2m2025-03-27T23:03:14.369+08:00[0;39m [32m INFO[0;39m [35m92065[0;39m [2m--- [server] [nio-8080-exec-1] [0;39m[36mo.s.web.servlet.DispatcherServlet       [0;39m [2m:[0;39m Completed initialization in 2 ms
[2m2025-03-27T23:03:14.420+08:00[0;39m [32m INFO[0;39m [35m92065[0;39m [2m--- [server] [nio-8080-exec-2] [0;39m[36mcom.zaxxer.hikari.HikariDataSource      [0;39m [2m:[0;39m HikariPool-1 - Starting...
[2m2025-03-27T23:03:14.521+08:00[0;39m [32m INFO[0;39m [35m92065[0;39m [2m--- [server] [nio-8080-exec-2] [0;39m[36mcom.zaxxer.hikari.pool.HikariPool       [0;39m [2m:[0;39m HikariPool-1 - Added connection com.mysql.cj.jdbc.ConnectionImpl@33546bb4
[2m2025-03-27T23:03:14.522+08:00[0;39m [32m INFO[0;39m [35m92065[0;39m [2m--- [server] [nio-8080-exec-2] [0;39m[36mcom.zaxxer.hikari.HikariDataSource      [0;39m [2m:[0;39m HikariPool-1 - Start completed.
