
  .   ____          _            __ _ _
 /\\ / ___'_ __ _ _(_)_ __  __ _ \ \ \ \
( ( )\___ | '_ | '_| | '_ \/ _` | \ \ \ \
 \\/  ___)| |_)| | | | | || (_| |  ) ) ) )
  '  |____| .__|_| |_|_| |_\__, | / / / /
 =========|_|==============|___/=/_/_/_/

 :: Spring Boot ::       (v3.4.2-SNAPSHOT)

2025-03-19T16:53:09.916+08:00  INFO 27888 --- [server] [           main] com.server.ServerApplication             : Starting ServerApplication using Java 21.0.5 with PID 27888 (C:\Users\kahei\Desktop\ive-fyp\server\target\classes started by kahei in C:\Users\kahei\Desktop\ive-fyp\server)
2025-03-19T16:53:09.916+08:00  INFO 27888 --- [server] [           main] com.server.ServerApplication             : No active profile set, falling back to 1 default profile: "default"
2025-03-19T16:53:10.385+08:00  INFO 27888 --- [server] [           main] o.s.b.w.embedded.tomcat.TomcatWebServer  : Tomcat initialized with port 8080 (http)
2025-03-19T16:53:10.390+08:00  INFO 27888 --- [server] [           main] o.apache.catalina.core.StandardService   : Starting service [Tomcat]
2025-03-19T16:53:10.390+08:00  INFO 27888 --- [server] [           main] o.apache.catalina.core.StandardEngine    : Starting Servlet engine: [Apache Tomcat/10.1.34]
2025-03-19T16:53:10.416+08:00  INFO 27888 --- [server] [           main] o.a.c.c.C.[Tomcat].[localhost].[/]       : Initializing Spring embedded WebApplicationContext
2025-03-19T16:53:10.416+08:00  INFO 27888 --- [server] [           main] w.s.c.ServletWebServerApplicationContext : Root WebApplicationContext: initialization completed in 482 ms
2025-03-19T16:53:10.735+08:00  INFO 27888 --- [server] [           main] o.s.b.w.embedded.tomcat.TomcatWebServer  : Tomcat started on port 8080 (http) with context path '/'
2025-03-19T16:53:10.739+08:00  INFO 27888 --- [server] [           main] com.server.ServerApplication             : Started ServerApplication in 1.009 seconds (process running for 1.185)
org.springframework.boot.web.servlet.context.AnnotationConfigServletWebServerApplicationContext@6f1c29b7, started on Wed Mar 19 16:53:09 HKT 2025
2025-03-19T16:53:10.739+08:00  INFO 27888 --- [server] [           main] com.server.ServerApplication             : Server is running on port 8080
2025-03-19T16:53:15.355+08:00  INFO 27888 --- [server] [nio-8080-exec-1] o.a.c.c.C.[Tomcat].[localhost].[/]       : Initializing Spring DispatcherServlet 'dispatcherServlet'
2025-03-19T16:53:15.355+08:00  INFO 27888 --- [server] [nio-8080-exec-1] o.s.web.servlet.DispatcherServlet        : Initializing Servlet 'dispatcherServlet'
2025-03-19T16:53:15.355+08:00  INFO 27888 --- [server] [nio-8080-exec-1] o.s.web.servlet.DispatcherServlet        : Completed initialization in 0 ms
2025-03-19T16:53:15.385+08:00  INFO 27888 --- [server] [nio-8080-exec-1] com.zaxxer.hikari.HikariDataSource       : HikariPool-1 - Starting...
2025-03-19T16:53:15.464+08:00  INFO 27888 --- [server] [nio-8080-exec-1] com.zaxxer.hikari.pool.HikariPool        : HikariPool-1 - Added connection com.mysql.cj.jdbc.ConnectionImpl@fcc5d31
2025-03-19T16:53:15.464+08:00  INFO 27888 --- [server] [nio-8080-exec-1] com.zaxxer.hikari.HikariDataSource       : HikariPool-1 - Start completed.
2025-03-19T16:53:17.455+08:00  INFO 27888 --- [server] [nio-8080-exec-2] c.s.controller.DishesTypeController      : Deleting Dishes Type (1) DishesType [name_Zh_HK=null, name_Zh_CN=null, name_Us_En=null]
2025-03-19T16:53:17.770+08:00 ERROR 27888 --- [server] [nio-8080-exec-2] c.s.controller.DishesTypeController      : Error deleting Dishes Type (1) DishesType [name_Zh_HK=null, name_Zh_CN=null, name_Us_En=null]

org.springframework.dao.DataIntegrityViolationException: 
### Error updating database.  Cause: java.sql.SQLIntegrityConstraintViolationException: Cannot delete or update a parent row: a foreign key constraint fails (`ive_fyp`.`menu`, CONSTRAINT `menu_dishes_type_FK` FOREIGN KEY (`type`) REFERENCES `dishes_type` (`id`))
### The error may exist in file [C:\Users\kahei\Desktop\ive-fyp\server\target\classes\mapper\dishesTypeMapper.xml]
### The error may involve com.server.mapper.DishesTypeMapper.deleteDishesType-Inline
### The error occurred while setting parameters
### SQL: DELETE FROM dishes_type WHERE id = ?
### Cause: java.sql.SQLIntegrityConstraintViolationException: Cannot delete or update a parent row: a foreign key constraint fails (`ive_fyp`.`menu`, CONSTRAINT `menu_dishes_type_FK` FOREIGN KEY (`type`) REFERENCES `dishes_type` (`id`))
; Cannot delete or update a parent row: a foreign key constraint fails (`ive_fyp`.`menu`, CONSTRAINT `menu_dishes_type_FK` FOREIGN KEY (`type`) REFERENCES `dishes_type` (`id`))
	at org.springframework.jdbc.support.SQLErrorCodeSQLExceptionTranslator.doTranslate(SQLErrorCodeSQLExceptionTranslator.java:258) ~[spring-jdbc-6.2.2.jar:6.2.2]
	at org.springframework.jdbc.support.AbstractFallbackSQLExceptionTranslator.translate(AbstractFallbackSQLExceptionTranslator.java:107) ~[spring-jdbc-6.2.2.jar:6.2.2]
	at org.mybatis.spring.MyBatisExceptionTranslator.translateExceptionIfPossible(MyBatisExceptionTranslator.java:93) ~[mybatis-spring-3.0.4.jar:3.0.4]
	at org.mybatis.spring.SqlSessionTemplate$SqlSessionInterceptor.invoke(SqlSessionTemplate.java:347) ~[mybatis-spring-3.0.4.jar:3.0.4]
	at jdk.proxy2/jdk.proxy2.$Proxy63.delete(Unknown Source) ~[na:na]
	at org.mybatis.spring.SqlSessionTemplate.delete(SqlSessionTemplate.java:244) ~[mybatis-spring-3.0.4.jar:3.0.4]
	at org.apache.ibatis.binding.MapperMethod.execute(MapperMethod.java:72) ~[mybatis-3.5.17.jar:3.5.17]
	at org.apache.ibatis.binding.MapperProxy$PlainMethodInvoker.invoke(MapperProxy.java:141) ~[mybatis-3.5.17.jar:3.5.17]
	at org.apache.ibatis.binding.MapperProxy.invoke(MapperProxy.java:86) ~[mybatis-3.5.17.jar:3.5.17]
	at jdk.proxy2/jdk.proxy2.$Proxy67.deleteDishesType(Unknown Source) ~[na:na]
	at com.server.service.DishesTypeService.deleteDishesType(DishesTypeService.java:26) ~[classes/:na]
	at com.server.controller.DishesTypeController.deleteDishesType(DishesTypeController.java:62) ~[classes/:na]
	at java.base/jdk.internal.reflect.DirectMethodHandleAccessor.invoke(DirectMethodHandleAccessor.java:103) ~[na:na]
	at java.base/java.lang.reflect.Method.invoke(Method.java:580) ~[na:na]
	at org.springframework.web.method.support.InvocableHandlerMethod.doInvoke(InvocableHandlerMethod.java:257) ~[spring-web-6.2.2.jar:6.2.2]
	at org.springframework.web.method.support.InvocableHandlerMethod.invokeForRequest(InvocableHandlerMethod.java:190) ~[spring-web-6.2.2.jar:6.2.2]
	at org.springframework.web.servlet.mvc.method.annotation.ServletInvocableHandlerMethod.invokeAndHandle(ServletInvocableHandlerMethod.java:118) ~[spring-webmvc-6.2.2.jar:6.2.2]
	at org.springframework.web.servlet.mvc.method.annotation.RequestMappingHandlerAdapter.invokeHandlerMethod(RequestMappingHandlerAdapter.java:986) ~[spring-webmvc-6.2.2.jar:6.2.2]
	at org.springframework.web.servlet.mvc.method.annotation.RequestMappingHandlerAdapter.handleInternal(RequestMappingHandlerAdapter.java:891) ~[spring-webmvc-6.2.2.jar:6.2.2]
	at org.springframework.web.servlet.mvc.method.AbstractHandlerMethodAdapter.handle(AbstractHandlerMethodAdapter.java:87) ~[spring-webmvc-6.2.2.jar:6.2.2]
	at org.springframework.web.servlet.DispatcherServlet.doDispatch(DispatcherServlet.java:1088) ~[spring-webmvc-6.2.2.jar:6.2.2]
	at org.springframework.web.servlet.DispatcherServlet.doService(DispatcherServlet.java:978) ~[spring-webmvc-6.2.2.jar:6.2.2]
	at org.springframework.web.servlet.FrameworkServlet.processRequest(FrameworkServlet.java:1014) ~[spring-webmvc-6.2.2.jar:6.2.2]
	at org.springframework.web.servlet.FrameworkServlet.doPost(FrameworkServlet.java:914) ~[spring-webmvc-6.2.2.jar:6.2.2]
	at jakarta.servlet.http.HttpServlet.service(HttpServlet.java:590) ~[tomcat-embed-core-10.1.34.jar:6.0]
	at org.springframework.web.servlet.FrameworkServlet.service(FrameworkServlet.java:885) ~[spring-webmvc-6.2.2.jar:6.2.2]
	at jakarta.servlet.http.HttpServlet.service(HttpServlet.java:658) ~[tomcat-embed-core-10.1.34.jar:6.0]
	at org.apache.catalina.core.ApplicationFilterChain.internalDoFilter(ApplicationFilterChain.java:195) ~[tomcat-embed-core-10.1.34.jar:10.1.34]
	at org.apache.catalina.core.ApplicationFilterChain.doFilter(ApplicationFilterChain.java:140) ~[tomcat-embed-core-10.1.34.jar:10.1.34]
	at org.apache.tomcat.websocket.server.WsFilter.doFilter(WsFilter.java:51) ~[tomcat-embed-websocket-10.1.34.jar:10.1.34]
	at org.apache.catalina.core.ApplicationFilterChain.internalDoFilter(ApplicationFilterChain.java:164) ~[tomcat-embed-core-10.1.34.jar:10.1.34]
	at org.apache.catalina.core.ApplicationFilterChain.doFilter(ApplicationFilterChain.java:140) ~[tomcat-embed-core-10.1.34.jar:10.1.34]
	at org.springframework.web.filter.RequestContextFilter.doFilterInternal(RequestContextFilter.java:100) ~[spring-web-6.2.2.jar:6.2.2]
	at org.springframework.web.filter.OncePerRequestFilter.doFilter(OncePerRequestFilter.java:116) ~[spring-web-6.2.2.jar:6.2.2]
	at org.apache.catalina.core.ApplicationFilterChain.internalDoFilter(ApplicationFilterChain.java:164) ~[tomcat-embed-core-10.1.34.jar:10.1.34]
	at org.apache.catalina.core.ApplicationFilterChain.doFilter(ApplicationFilterChain.java:140) ~[tomcat-embed-core-10.1.34.jar:10.1.34]
	at org.springframework.web.filter.FormContentFilter.doFilterInternal(FormContentFilter.java:93) ~[spring-web-6.2.2.jar:6.2.2]
	at org.springframework.web.filter.OncePerRequestFilter.doFilter(OncePerRequestFilter.java:116) ~[spring-web-6.2.2.jar:6.2.2]
	at org.apache.catalina.core.ApplicationFilterChain.internalDoFilter(ApplicationFilterChain.java:164) ~[tomcat-embed-core-10.1.34.jar:10.1.34]
	at org.apache.catalina.core.ApplicationFilterChain.doFilter(ApplicationFilterChain.java:140) ~[tomcat-embed-core-10.1.34.jar:10.1.34]
	at org.springframework.web.filter.CharacterEncodingFilter.doFilterInternal(CharacterEncodingFilter.java:201) ~[spring-web-6.2.2.jar:6.2.2]
	at org.springframework.web.filter.OncePerRequestFilter.doFilter(OncePerRequestFilter.java:116) ~[spring-web-6.2.2.jar:6.2.2]
	at org.apache.catalina.core.ApplicationFilterChain.internalDoFilter(ApplicationFilterChain.java:164) ~[tomcat-embed-core-10.1.34.jar:10.1.34]
	at org.apache.catalina.core.ApplicationFilterChain.doFilter(ApplicationFilterChain.java:140) ~[tomcat-embed-core-10.1.34.jar:10.1.34]
	at org.apache.catalina.core.StandardWrapperValve.invoke(StandardWrapperValve.java:167) ~[tomcat-embed-core-10.1.34.jar:10.1.34]
	at org.apache.catalina.core.StandardContextValve.invoke(StandardContextValve.java:90) ~[tomcat-embed-core-10.1.34.jar:10.1.34]
	at org.apache.catalina.authenticator.AuthenticatorBase.invoke(AuthenticatorBase.java:483) ~[tomcat-embed-core-10.1.34.jar:10.1.34]
	at org.apache.catalina.core.StandardHostValve.invoke(StandardHostValve.java:115) ~[tomcat-embed-core-10.1.34.jar:10.1.34]
	at org.apache.catalina.valves.ErrorReportValve.invoke(ErrorReportValve.java:93) ~[tomcat-embed-core-10.1.34.jar:10.1.34]
	at org.apache.catalina.core.StandardEngineValve.invoke(StandardEngineValve.java:74) ~[tomcat-embed-core-10.1.34.jar:10.1.34]
	at org.apache.catalina.connector.CoyoteAdapter.service(CoyoteAdapter.java:344) ~[tomcat-embed-core-10.1.34.jar:10.1.34]
	at org.apache.coyote.http11.Http11Processor.service(Http11Processor.java:397) ~[tomcat-embed-core-10.1.34.jar:10.1.34]
	at org.apache.coyote.AbstractProcessorLight.process(AbstractProcessorLight.java:63) ~[tomcat-embed-core-10.1.34.jar:10.1.34]
	at org.apache.coyote.AbstractProtocol$ConnectionHandler.process(AbstractProtocol.java:905) ~[tomcat-embed-core-10.1.34.jar:10.1.34]
	at org.apache.tomcat.util.net.NioEndpoint$SocketProcessor.doRun(NioEndpoint.java:1741) ~[tomcat-embed-core-10.1.34.jar:10.1.34]
	at org.apache.tomcat.util.net.SocketProcessorBase.run(SocketProcessorBase.java:52) ~[tomcat-embed-core-10.1.34.jar:10.1.34]
	at org.apache.tomcat.util.threads.ThreadPoolExecutor.runWorker(ThreadPoolExecutor.java:1190) ~[tomcat-embed-core-10.1.34.jar:10.1.34]
	at org.apache.tomcat.util.threads.ThreadPoolExecutor$Worker.run(ThreadPoolExecutor.java:659) ~[tomcat-embed-core-10.1.34.jar:10.1.34]
	at org.apache.tomcat.util.threads.TaskThread$WrappingRunnable.run(TaskThread.java:63) ~[tomcat-embed-core-10.1.34.jar:10.1.34]
	at java.base/java.lang.Thread.run(Thread.java:1583) ~[na:na]
Caused by: java.sql.SQLIntegrityConstraintViolationException: Cannot delete or update a parent row: a foreign key constraint fails (`ive_fyp`.`menu`, CONSTRAINT `menu_dishes_type_FK` FOREIGN KEY (`type`) REFERENCES `dishes_type` (`id`))
	at com.mysql.cj.jdbc.exceptions.SQLError.createSQLException(SQLError.java:109) ~[mysql-connector-j-9.1.0.jar:9.1.0]
	at com.mysql.cj.jdbc.exceptions.SQLExceptionsMapping.translateException(SQLExceptionsMapping.java:114) ~[mysql-connector-j-9.1.0.jar:9.1.0]
	at com.mysql.cj.jdbc.ClientPreparedStatement.executeInternal(ClientPreparedStatement.java:988) ~[mysql-connector-j-9.1.0.jar:9.1.0]
	at com.mysql.cj.jdbc.ClientPreparedStatement.execute(ClientPreparedStatement.java:382) ~[mysql-connector-j-9.1.0.jar:9.1.0]
	at com.zaxxer.hikari.pool.ProxyPreparedStatement.execute(ProxyPreparedStatement.java:44) ~[HikariCP-5.1.0.jar:na]
	at com.zaxxer.hikari.pool.HikariProxyPreparedStatement.execute(HikariProxyPreparedStatement.java) ~[HikariCP-5.1.0.jar:na]
	at org.apache.ibatis.executor.statement.PreparedStatementHandler.update(PreparedStatementHandler.java:48) ~[mybatis-3.5.17.jar:3.5.17]
	at org.apache.ibatis.executor.statement.RoutingStatementHandler.update(RoutingStatementHandler.java:75) ~[mybatis-3.5.17.jar:3.5.17]
	at org.apache.ibatis.executor.SimpleExecutor.doUpdate(SimpleExecutor.java:50) ~[mybatis-3.5.17.jar:3.5.17]
	at org.apache.ibatis.executor.BaseExecutor.update(BaseExecutor.java:117) ~[mybatis-3.5.17.jar:3.5.17]
	at org.apache.ibatis.executor.CachingExecutor.update(CachingExecutor.java:76) ~[mybatis-3.5.17.jar:3.5.17]
	at org.apache.ibatis.session.defaults.DefaultSqlSession.update(DefaultSqlSession.java:197) ~[mybatis-3.5.17.jar:3.5.17]
	at org.apache.ibatis.session.defaults.DefaultSqlSession.delete(DefaultSqlSession.java:212) ~[mybatis-3.5.17.jar:3.5.17]
	at java.base/jdk.internal.reflect.DirectMethodHandleAccessor.invoke(DirectMethodHandleAccessor.java:103) ~[na:na]
	at java.base/java.lang.reflect.Method.invoke(Method.java:580) ~[na:na]
	at org.mybatis.spring.SqlSessionTemplate$SqlSessionInterceptor.invoke(SqlSessionTemplate.java:333) ~[mybatis-spring-3.0.4.jar:3.0.4]
	... 56 common frames omitted

2025-03-19T16:53:59.828+08:00  INFO 27888 --- [server] [nio-8080-exec-6] c.s.controller.DishesTypeController      : Deleting Dishes Type (2) DishesType [name_Zh_HK=null, name_Zh_CN=null, name_Us_En=null]
2025-03-19T16:53:59.832+08:00 ERROR 27888 --- [server] [nio-8080-exec-6] c.s.controller.DishesTypeController      : Error deleting Dishes Type (2) DishesType [name_Zh_HK=null, name_Zh_CN=null, name_Us_En=null]

org.springframework.dao.DataIntegrityViolationException: 
### Error updating database.  Cause: java.sql.SQLIntegrityConstraintViolationException: Cannot delete or update a parent row: a foreign key constraint fails (`ive_fyp`.`menu`, CONSTRAINT `menu_dishes_type_FK` FOREIGN KEY (`type`) REFERENCES `dishes_type` (`id`))
### The error may exist in file [C:\Users\kahei\Desktop\ive-fyp\server\target\classes\mapper\dishesTypeMapper.xml]
### The error may involve com.server.mapper.DishesTypeMapper.deleteDishesType-Inline
### The error occurred while setting parameters
### SQL: DELETE FROM dishes_type WHERE id = ?
### Cause: java.sql.SQLIntegrityConstraintViolationException: Cannot delete or update a parent row: a foreign key constraint fails (`ive_fyp`.`menu`, CONSTRAINT `menu_dishes_type_FK` FOREIGN KEY (`type`) REFERENCES `dishes_type` (`id`))
; Cannot delete or update a parent row: a foreign key constraint fails (`ive_fyp`.`menu`, CONSTRAINT `menu_dishes_type_FK` FOREIGN KEY (`type`) REFERENCES `dishes_type` (`id`))
	at org.springframework.jdbc.support.SQLErrorCodeSQLExceptionTranslator.doTranslate(SQLErrorCodeSQLExceptionTranslator.java:258) ~[spring-jdbc-6.2.2.jar:6.2.2]
	at org.springframework.jdbc.support.AbstractFallbackSQLExceptionTranslator.translate(AbstractFallbackSQLExceptionTranslator.java:107) ~[spring-jdbc-6.2.2.jar:6.2.2]
	at org.mybatis.spring.MyBatisExceptionTranslator.translateExceptionIfPossible(MyBatisExceptionTranslator.java:93) ~[mybatis-spring-3.0.4.jar:3.0.4]
	at org.mybatis.spring.SqlSessionTemplate$SqlSessionInterceptor.invoke(SqlSessionTemplate.java:347) ~[mybatis-spring-3.0.4.jar:3.0.4]
	at jdk.proxy2/jdk.proxy2.$Proxy63.delete(Unknown Source) ~[na:na]
	at org.mybatis.spring.SqlSessionTemplate.delete(SqlSessionTemplate.java:244) ~[mybatis-spring-3.0.4.jar:3.0.4]
	at org.apache.ibatis.binding.MapperMethod.execute(MapperMethod.java:72) ~[mybatis-3.5.17.jar:3.5.17]
	at org.apache.ibatis.binding.MapperProxy$PlainMethodInvoker.invoke(MapperProxy.java:141) ~[mybatis-3.5.17.jar:3.5.17]
	at org.apache.ibatis.binding.MapperProxy.invoke(MapperProxy.java:86) ~[mybatis-3.5.17.jar:3.5.17]
	at jdk.proxy2/jdk.proxy2.$Proxy67.deleteDishesType(Unknown Source) ~[na:na]
	at com.server.service.DishesTypeService.deleteDishesType(DishesTypeService.java:26) ~[classes/:na]
	at com.server.controller.DishesTypeController.deleteDishesType(DishesTypeController.java:62) ~[classes/:na]
	at java.base/jdk.internal.reflect.DirectMethodHandleAccessor.invoke(DirectMethodHandleAccessor.java:103) ~[na:na]
	at java.base/java.lang.reflect.Method.invoke(Method.java:580) ~[na:na]
	at org.springframework.web.method.support.InvocableHandlerMethod.doInvoke(InvocableHandlerMethod.java:257) ~[spring-web-6.2.2.jar:6.2.2]
	at org.springframework.web.method.support.InvocableHandlerMethod.invokeForRequest(InvocableHandlerMethod.java:190) ~[spring-web-6.2.2.jar:6.2.2]
	at org.springframework.web.servlet.mvc.method.annotation.ServletInvocableHandlerMethod.invokeAndHandle(ServletInvocableHandlerMethod.java:118) ~[spring-webmvc-6.2.2.jar:6.2.2]
	at org.springframework.web.servlet.mvc.method.annotation.RequestMappingHandlerAdapter.invokeHandlerMethod(RequestMappingHandlerAdapter.java:986) ~[spring-webmvc-6.2.2.jar:6.2.2]
	at org.springframework.web.servlet.mvc.method.annotation.RequestMappingHandlerAdapter.handleInternal(RequestMappingHandlerAdapter.java:891) ~[spring-webmvc-6.2.2.jar:6.2.2]
	at org.springframework.web.servlet.mvc.method.AbstractHandlerMethodAdapter.handle(AbstractHandlerMethodAdapter.java:87) ~[spring-webmvc-6.2.2.jar:6.2.2]
	at org.springframework.web.servlet.DispatcherServlet.doDispatch(DispatcherServlet.java:1088) ~[spring-webmvc-6.2.2.jar:6.2.2]
	at org.springframework.web.servlet.DispatcherServlet.doService(DispatcherServlet.java:978) ~[spring-webmvc-6.2.2.jar:6.2.2]
	at org.springframework.web.servlet.FrameworkServlet.processRequest(FrameworkServlet.java:1014) ~[spring-webmvc-6.2.2.jar:6.2.2]
	at org.springframework.web.servlet.FrameworkServlet.doPost(FrameworkServlet.java:914) ~[spring-webmvc-6.2.2.jar:6.2.2]
	at jakarta.servlet.http.HttpServlet.service(HttpServlet.java:590) ~[tomcat-embed-core-10.1.34.jar:6.0]
	at org.springframework.web.servlet.FrameworkServlet.service(FrameworkServlet.java:885) ~[spring-webmvc-6.2.2.jar:6.2.2]
	at jakarta.servlet.http.HttpServlet.service(HttpServlet.java:658) ~[tomcat-embed-core-10.1.34.jar:6.0]
	at org.apache.catalina.core.ApplicationFilterChain.internalDoFilter(ApplicationFilterChain.java:195) ~[tomcat-embed-core-10.1.34.jar:10.1.34]
	at org.apache.catalina.core.ApplicationFilterChain.doFilter(ApplicationFilterChain.java:140) ~[tomcat-embed-core-10.1.34.jar:10.1.34]
	at org.apache.tomcat.websocket.server.WsFilter.doFilter(WsFilter.java:51) ~[tomcat-embed-websocket-10.1.34.jar:10.1.34]
	at org.apache.catalina.core.ApplicationFilterChain.internalDoFilter(ApplicationFilterChain.java:164) ~[tomcat-embed-core-10.1.34.jar:10.1.34]
	at org.apache.catalina.core.ApplicationFilterChain.doFilter(ApplicationFilterChain.java:140) ~[tomcat-embed-core-10.1.34.jar:10.1.34]
	at org.springframework.web.filter.RequestContextFilter.doFilterInternal(RequestContextFilter.java:100) ~[spring-web-6.2.2.jar:6.2.2]
	at org.springframework.web.filter.OncePerRequestFilter.doFilter(OncePerRequestFilter.java:116) ~[spring-web-6.2.2.jar:6.2.2]
	at org.apache.catalina.core.ApplicationFilterChain.internalDoFilter(ApplicationFilterChain.java:164) ~[tomcat-embed-core-10.1.34.jar:10.1.34]
	at org.apache.catalina.core.ApplicationFilterChain.doFilter(ApplicationFilterChain.java:140) ~[tomcat-embed-core-10.1.34.jar:10.1.34]
	at org.springframework.web.filter.FormContentFilter.doFilterInternal(FormContentFilter.java:93) ~[spring-web-6.2.2.jar:6.2.2]
	at org.springframework.web.filter.OncePerRequestFilter.doFilter(OncePerRequestFilter.java:116) ~[spring-web-6.2.2.jar:6.2.2]
	at org.apache.catalina.core.ApplicationFilterChain.internalDoFilter(ApplicationFilterChain.java:164) ~[tomcat-embed-core-10.1.34.jar:10.1.34]
	at org.apache.catalina.core.ApplicationFilterChain.doFilter(ApplicationFilterChain.java:140) ~[tomcat-embed-core-10.1.34.jar:10.1.34]
	at org.springframework.web.filter.CharacterEncodingFilter.doFilterInternal(CharacterEncodingFilter.java:201) ~[spring-web-6.2.2.jar:6.2.2]
	at org.springframework.web.filter.OncePerRequestFilter.doFilter(OncePerRequestFilter.java:116) ~[spring-web-6.2.2.jar:6.2.2]
	at org.apache.catalina.core.ApplicationFilterChain.internalDoFilter(ApplicationFilterChain.java:164) ~[tomcat-embed-core-10.1.34.jar:10.1.34]
	at org.apache.catalina.core.ApplicationFilterChain.doFilter(ApplicationFilterChain.java:140) ~[tomcat-embed-core-10.1.34.jar:10.1.34]
	at org.apache.catalina.core.StandardWrapperValve.invoke(StandardWrapperValve.java:167) ~[tomcat-embed-core-10.1.34.jar:10.1.34]
	at org.apache.catalina.core.StandardContextValve.invoke(StandardContextValve.java:90) ~[tomcat-embed-core-10.1.34.jar:10.1.34]
	at org.apache.catalina.authenticator.AuthenticatorBase.invoke(AuthenticatorBase.java:483) ~[tomcat-embed-core-10.1.34.jar:10.1.34]
	at org.apache.catalina.core.StandardHostValve.invoke(StandardHostValve.java:115) ~[tomcat-embed-core-10.1.34.jar:10.1.34]
	at org.apache.catalina.valves.ErrorReportValve.invoke(ErrorReportValve.java:93) ~[tomcat-embed-core-10.1.34.jar:10.1.34]
	at org.apache.catalina.core.StandardEngineValve.invoke(StandardEngineValve.java:74) ~[tomcat-embed-core-10.1.34.jar:10.1.34]
	at org.apache.catalina.connector.CoyoteAdapter.service(CoyoteAdapter.java:344) ~[tomcat-embed-core-10.1.34.jar:10.1.34]
	at org.apache.coyote.http11.Http11Processor.service(Http11Processor.java:397) ~[tomcat-embed-core-10.1.34.jar:10.1.34]
	at org.apache.coyote.AbstractProcessorLight.process(AbstractProcessorLight.java:63) ~[tomcat-embed-core-10.1.34.jar:10.1.34]
	at org.apache.coyote.AbstractProtocol$ConnectionHandler.process(AbstractProtocol.java:905) ~[tomcat-embed-core-10.1.34.jar:10.1.34]
	at org.apache.tomcat.util.net.NioEndpoint$SocketProcessor.doRun(NioEndpoint.java:1741) ~[tomcat-embed-core-10.1.34.jar:10.1.34]
	at org.apache.tomcat.util.net.SocketProcessorBase.run(SocketProcessorBase.java:52) ~[tomcat-embed-core-10.1.34.jar:10.1.34]
	at org.apache.tomcat.util.threads.ThreadPoolExecutor.runWorker(ThreadPoolExecutor.java:1190) ~[tomcat-embed-core-10.1.34.jar:10.1.34]
	at org.apache.tomcat.util.threads.ThreadPoolExecutor$Worker.run(ThreadPoolExecutor.java:659) ~[tomcat-embed-core-10.1.34.jar:10.1.34]
	at org.apache.tomcat.util.threads.TaskThread$WrappingRunnable.run(TaskThread.java:63) ~[tomcat-embed-core-10.1.34.jar:10.1.34]
	at java.base/java.lang.Thread.run(Thread.java:1583) ~[na:na]
Caused by: java.sql.SQLIntegrityConstraintViolationException: Cannot delete or update a parent row: a foreign key constraint fails (`ive_fyp`.`menu`, CONSTRAINT `menu_dishes_type_FK` FOREIGN KEY (`type`) REFERENCES `dishes_type` (`id`))
	at com.mysql.cj.jdbc.exceptions.SQLError.createSQLException(SQLError.java:109) ~[mysql-connector-j-9.1.0.jar:9.1.0]
	at com.mysql.cj.jdbc.exceptions.SQLExceptionsMapping.translateException(SQLExceptionsMapping.java:114) ~[mysql-connector-j-9.1.0.jar:9.1.0]
	at com.mysql.cj.jdbc.ClientPreparedStatement.executeInternal(ClientPreparedStatement.java:988) ~[mysql-connector-j-9.1.0.jar:9.1.0]
	at com.mysql.cj.jdbc.ClientPreparedStatement.execute(ClientPreparedStatement.java:382) ~[mysql-connector-j-9.1.0.jar:9.1.0]
	at com.zaxxer.hikari.pool.ProxyPreparedStatement.execute(ProxyPreparedStatement.java:44) ~[HikariCP-5.1.0.jar:na]
	at com.zaxxer.hikari.pool.HikariProxyPreparedStatement.execute(HikariProxyPreparedStatement.java) ~[HikariCP-5.1.0.jar:na]
	at org.apache.ibatis.executor.statement.PreparedStatementHandler.update(PreparedStatementHandler.java:48) ~[mybatis-3.5.17.jar:3.5.17]
	at org.apache.ibatis.executor.statement.RoutingStatementHandler.update(RoutingStatementHandler.java:75) ~[mybatis-3.5.17.jar:3.5.17]
	at org.apache.ibatis.executor.SimpleExecutor.doUpdate(SimpleExecutor.java:50) ~[mybatis-3.5.17.jar:3.5.17]
	at org.apache.ibatis.executor.BaseExecutor.update(BaseExecutor.java:117) ~[mybatis-3.5.17.jar:3.5.17]
	at org.apache.ibatis.executor.CachingExecutor.update(CachingExecutor.java:76) ~[mybatis-3.5.17.jar:3.5.17]
	at org.apache.ibatis.session.defaults.DefaultSqlSession.update(DefaultSqlSession.java:197) ~[mybatis-3.5.17.jar:3.5.17]
	at org.apache.ibatis.session.defaults.DefaultSqlSession.delete(DefaultSqlSession.java:212) ~[mybatis-3.5.17.jar:3.5.17]
	at java.base/jdk.internal.reflect.DirectMethodHandleAccessor.invoke(DirectMethodHandleAccessor.java:103) ~[na:na]
	at java.base/java.lang.reflect.Method.invoke(Method.java:580) ~[na:na]
	at org.mybatis.spring.SqlSessionTemplate$SqlSessionInterceptor.invoke(SqlSessionTemplate.java:333) ~[mybatis-spring-3.0.4.jar:3.0.4]
	... 56 common frames omitted

2025-03-19T16:54:03.351+08:00  INFO 27888 --- [server] [nio-8080-exec-7] c.s.controller.DishesTypeController      : Deleting Dishes Type (2) DishesType [name_Zh_HK=null, name_Zh_CN=null, name_Us_En=null]
2025-03-19T16:54:03.353+08:00 ERROR 27888 --- [server] [nio-8080-exec-7] c.s.controller.DishesTypeController      : Error deleting Dishes Type (2) DishesType [name_Zh_HK=null, name_Zh_CN=null, name_Us_En=null]

org.springframework.dao.DataIntegrityViolationException: 
### Error updating database.  Cause: java.sql.SQLIntegrityConstraintViolationException: Cannot delete or update a parent row: a foreign key constraint fails (`ive_fyp`.`menu`, CONSTRAINT `menu_dishes_type_FK` FOREIGN KEY (`type`) REFERENCES `dishes_type` (`id`))
### The error may exist in file [C:\Users\kahei\Desktop\ive-fyp\server\target\classes\mapper\dishesTypeMapper.xml]
### The error may involve com.server.mapper.DishesTypeMapper.deleteDishesType-Inline
### The error occurred while setting parameters
### SQL: DELETE FROM dishes_type WHERE id = ?
### Cause: java.sql.SQLIntegrityConstraintViolationException: Cannot delete or update a parent row: a foreign key constraint fails (`ive_fyp`.`menu`, CONSTRAINT `menu_dishes_type_FK` FOREIGN KEY (`type`) REFERENCES `dishes_type` (`id`))
; Cannot delete or update a parent row: a foreign key constraint fails (`ive_fyp`.`menu`, CONSTRAINT `menu_dishes_type_FK` FOREIGN KEY (`type`) REFERENCES `dishes_type` (`id`))
	at org.springframework.jdbc.support.SQLErrorCodeSQLExceptionTranslator.doTranslate(SQLErrorCodeSQLExceptionTranslator.java:258) ~[spring-jdbc-6.2.2.jar:6.2.2]
	at org.springframework.jdbc.support.AbstractFallbackSQLExceptionTranslator.translate(AbstractFallbackSQLExceptionTranslator.java:107) ~[spring-jdbc-6.2.2.jar:6.2.2]
	at org.mybatis.spring.MyBatisExceptionTranslator.translateExceptionIfPossible(MyBatisExceptionTranslator.java:93) ~[mybatis-spring-3.0.4.jar:3.0.4]
	at org.mybatis.spring.SqlSessionTemplate$SqlSessionInterceptor.invoke(SqlSessionTemplate.java:347) ~[mybatis-spring-3.0.4.jar:3.0.4]
	at jdk.proxy2/jdk.proxy2.$Proxy63.delete(Unknown Source) ~[na:na]
	at org.mybatis.spring.SqlSessionTemplate.delete(SqlSessionTemplate.java:244) ~[mybatis-spring-3.0.4.jar:3.0.4]
	at org.apache.ibatis.binding.MapperMethod.execute(MapperMethod.java:72) ~[mybatis-3.5.17.jar:3.5.17]
	at org.apache.ibatis.binding.MapperProxy$PlainMethodInvoker.invoke(MapperProxy.java:141) ~[mybatis-3.5.17.jar:3.5.17]
	at org.apache.ibatis.binding.MapperProxy.invoke(MapperProxy.java:86) ~[mybatis-3.5.17.jar:3.5.17]
	at jdk.proxy2/jdk.proxy2.$Proxy67.deleteDishesType(Unknown Source) ~[na:na]
	at com.server.service.DishesTypeService.deleteDishesType(DishesTypeService.java:26) ~[classes/:na]
	at com.server.controller.DishesTypeController.deleteDishesType(DishesTypeController.java:62) ~[classes/:na]
	at java.base/jdk.internal.reflect.DirectMethodHandleAccessor.invoke(DirectMethodHandleAccessor.java:103) ~[na:na]
	at java.base/java.lang.reflect.Method.invoke(Method.java:580) ~[na:na]
	at org.springframework.web.method.support.InvocableHandlerMethod.doInvoke(InvocableHandlerMethod.java:257) ~[spring-web-6.2.2.jar:6.2.2]
	at org.springframework.web.method.support.InvocableHandlerMethod.invokeForRequest(InvocableHandlerMethod.java:190) ~[spring-web-6.2.2.jar:6.2.2]
	at org.springframework.web.servlet.mvc.method.annotation.ServletInvocableHandlerMethod.invokeAndHandle(ServletInvocableHandlerMethod.java:118) ~[spring-webmvc-6.2.2.jar:6.2.2]
	at org.springframework.web.servlet.mvc.method.annotation.RequestMappingHandlerAdapter.invokeHandlerMethod(RequestMappingHandlerAdapter.java:986) ~[spring-webmvc-6.2.2.jar:6.2.2]
	at org.springframework.web.servlet.mvc.method.annotation.RequestMappingHandlerAdapter.handleInternal(RequestMappingHandlerAdapter.java:891) ~[spring-webmvc-6.2.2.jar:6.2.2]
	at org.springframework.web.servlet.mvc.method.AbstractHandlerMethodAdapter.handle(AbstractHandlerMethodAdapter.java:87) ~[spring-webmvc-6.2.2.jar:6.2.2]
	at org.springframework.web.servlet.DispatcherServlet.doDispatch(DispatcherServlet.java:1088) ~[spring-webmvc-6.2.2.jar:6.2.2]
	at org.springframework.web.servlet.DispatcherServlet.doService(DispatcherServlet.java:978) ~[spring-webmvc-6.2.2.jar:6.2.2]
	at org.springframework.web.servlet.FrameworkServlet.processRequest(FrameworkServlet.java:1014) ~[spring-webmvc-6.2.2.jar:6.2.2]
	at org.springframework.web.servlet.FrameworkServlet.doPost(FrameworkServlet.java:914) ~[spring-webmvc-6.2.2.jar:6.2.2]
	at jakarta.servlet.http.HttpServlet.service(HttpServlet.java:590) ~[tomcat-embed-core-10.1.34.jar:6.0]
	at org.springframework.web.servlet.FrameworkServlet.service(FrameworkServlet.java:885) ~[spring-webmvc-6.2.2.jar:6.2.2]
	at jakarta.servlet.http.HttpServlet.service(HttpServlet.java:658) ~[tomcat-embed-core-10.1.34.jar:6.0]
	at org.apache.catalina.core.ApplicationFilterChain.internalDoFilter(ApplicationFilterChain.java:195) ~[tomcat-embed-core-10.1.34.jar:10.1.34]
	at org.apache.catalina.core.ApplicationFilterChain.doFilter(ApplicationFilterChain.java:140) ~[tomcat-embed-core-10.1.34.jar:10.1.34]
	at org.apache.tomcat.websocket.server.WsFilter.doFilter(WsFilter.java:51) ~[tomcat-embed-websocket-10.1.34.jar:10.1.34]
	at org.apache.catalina.core.ApplicationFilterChain.internalDoFilter(ApplicationFilterChain.java:164) ~[tomcat-embed-core-10.1.34.jar:10.1.34]
	at org.apache.catalina.core.ApplicationFilterChain.doFilter(ApplicationFilterChain.java:140) ~[tomcat-embed-core-10.1.34.jar:10.1.34]
	at org.springframework.web.filter.RequestContextFilter.doFilterInternal(RequestContextFilter.java:100) ~[spring-web-6.2.2.jar:6.2.2]
	at org.springframework.web.filter.OncePerRequestFilter.doFilter(OncePerRequestFilter.java:116) ~[spring-web-6.2.2.jar:6.2.2]
	at org.apache.catalina.core.ApplicationFilterChain.internalDoFilter(ApplicationFilterChain.java:164) ~[tomcat-embed-core-10.1.34.jar:10.1.34]
	at org.apache.catalina.core.ApplicationFilterChain.doFilter(ApplicationFilterChain.java:140) ~[tomcat-embed-core-10.1.34.jar:10.1.34]
	at org.springframework.web.filter.FormContentFilter.doFilterInternal(FormContentFilter.java:93) ~[spring-web-6.2.2.jar:6.2.2]
	at org.springframework.web.filter.OncePerRequestFilter.doFilter(OncePerRequestFilter.java:116) ~[spring-web-6.2.2.jar:6.2.2]
	at org.apache.catalina.core.ApplicationFilterChain.internalDoFilter(ApplicationFilterChain.java:164) ~[tomcat-embed-core-10.1.34.jar:10.1.34]
	at org.apache.catalina.core.ApplicationFilterChain.doFilter(ApplicationFilterChain.java:140) ~[tomcat-embed-core-10.1.34.jar:10.1.34]
	at org.springframework.web.filter.CharacterEncodingFilter.doFilterInternal(CharacterEncodingFilter.java:201) ~[spring-web-6.2.2.jar:6.2.2]
	at org.springframework.web.filter.OncePerRequestFilter.doFilter(OncePerRequestFilter.java:116) ~[spring-web-6.2.2.jar:6.2.2]
	at org.apache.catalina.core.ApplicationFilterChain.internalDoFilter(ApplicationFilterChain.java:164) ~[tomcat-embed-core-10.1.34.jar:10.1.34]
	at org.apache.catalina.core.ApplicationFilterChain.doFilter(ApplicationFilterChain.java:140) ~[tomcat-embed-core-10.1.34.jar:10.1.34]
	at org.apache.catalina.core.StandardWrapperValve.invoke(StandardWrapperValve.java:167) ~[tomcat-embed-core-10.1.34.jar:10.1.34]
	at org.apache.catalina.core.StandardContextValve.invoke(StandardContextValve.java:90) ~[tomcat-embed-core-10.1.34.jar:10.1.34]
	at org.apache.catalina.authenticator.AuthenticatorBase.invoke(AuthenticatorBase.java:483) ~[tomcat-embed-core-10.1.34.jar:10.1.34]
	at org.apache.catalina.core.StandardHostValve.invoke(StandardHostValve.java:115) ~[tomcat-embed-core-10.1.34.jar:10.1.34]
	at org.apache.catalina.valves.ErrorReportValve.invoke(ErrorReportValve.java:93) ~[tomcat-embed-core-10.1.34.jar:10.1.34]
	at org.apache.catalina.core.StandardEngineValve.invoke(StandardEngineValve.java:74) ~[tomcat-embed-core-10.1.34.jar:10.1.34]
	at org.apache.catalina.connector.CoyoteAdapter.service(CoyoteAdapter.java:344) ~[tomcat-embed-core-10.1.34.jar:10.1.34]
	at org.apache.coyote.http11.Http11Processor.service(Http11Processor.java:397) ~[tomcat-embed-core-10.1.34.jar:10.1.34]
	at org.apache.coyote.AbstractProcessorLight.process(AbstractProcessorLight.java:63) ~[tomcat-embed-core-10.1.34.jar:10.1.34]
	at org.apache.coyote.AbstractProtocol$ConnectionHandler.process(AbstractProtocol.java:905) ~[tomcat-embed-core-10.1.34.jar:10.1.34]
	at org.apache.tomcat.util.net.NioEndpoint$SocketProcessor.doRun(NioEndpoint.java:1741) ~[tomcat-embed-core-10.1.34.jar:10.1.34]
	at org.apache.tomcat.util.net.SocketProcessorBase.run(SocketProcessorBase.java:52) ~[tomcat-embed-core-10.1.34.jar:10.1.34]
	at org.apache.tomcat.util.threads.ThreadPoolExecutor.runWorker(ThreadPoolExecutor.java:1190) ~[tomcat-embed-core-10.1.34.jar:10.1.34]
	at org.apache.tomcat.util.threads.ThreadPoolExecutor$Worker.run(ThreadPoolExecutor.java:659) ~[tomcat-embed-core-10.1.34.jar:10.1.34]
	at org.apache.tomcat.util.threads.TaskThread$WrappingRunnable.run(TaskThread.java:63) ~[tomcat-embed-core-10.1.34.jar:10.1.34]
	at java.base/java.lang.Thread.run(Thread.java:1583) ~[na:na]
Caused by: java.sql.SQLIntegrityConstraintViolationException: Cannot delete or update a parent row: a foreign key constraint fails (`ive_fyp`.`menu`, CONSTRAINT `menu_dishes_type_FK` FOREIGN KEY (`type`) REFERENCES `dishes_type` (`id`))
	at com.mysql.cj.jdbc.exceptions.SQLError.createSQLException(SQLError.java:109) ~[mysql-connector-j-9.1.0.jar:9.1.0]
	at com.mysql.cj.jdbc.exceptions.SQLExceptionsMapping.translateException(SQLExceptionsMapping.java:114) ~[mysql-connector-j-9.1.0.jar:9.1.0]
	at com.mysql.cj.jdbc.ClientPreparedStatement.executeInternal(ClientPreparedStatement.java:988) ~[mysql-connector-j-9.1.0.jar:9.1.0]
	at com.mysql.cj.jdbc.ClientPreparedStatement.execute(ClientPreparedStatement.java:382) ~[mysql-connector-j-9.1.0.jar:9.1.0]
	at com.zaxxer.hikari.pool.ProxyPreparedStatement.execute(ProxyPreparedStatement.java:44) ~[HikariCP-5.1.0.jar:na]
	at com.zaxxer.hikari.pool.HikariProxyPreparedStatement.execute(HikariProxyPreparedStatement.java) ~[HikariCP-5.1.0.jar:na]
	at org.apache.ibatis.executor.statement.PreparedStatementHandler.update(PreparedStatementHandler.java:48) ~[mybatis-3.5.17.jar:3.5.17]
	at org.apache.ibatis.executor.statement.RoutingStatementHandler.update(RoutingStatementHandler.java:75) ~[mybatis-3.5.17.jar:3.5.17]
	at org.apache.ibatis.executor.SimpleExecutor.doUpdate(SimpleExecutor.java:50) ~[mybatis-3.5.17.jar:3.5.17]
	at org.apache.ibatis.executor.BaseExecutor.update(BaseExecutor.java:117) ~[mybatis-3.5.17.jar:3.5.17]
	at org.apache.ibatis.executor.CachingExecutor.update(CachingExecutor.java:76) ~[mybatis-3.5.17.jar:3.5.17]
	at org.apache.ibatis.session.defaults.DefaultSqlSession.update(DefaultSqlSession.java:197) ~[mybatis-3.5.17.jar:3.5.17]
	at org.apache.ibatis.session.defaults.DefaultSqlSession.delete(DefaultSqlSession.java:212) ~[mybatis-3.5.17.jar:3.5.17]
	at java.base/jdk.internal.reflect.DirectMethodHandleAccessor.invoke(DirectMethodHandleAccessor.java:103) ~[na:na]
	at java.base/java.lang.reflect.Method.invoke(Method.java:580) ~[na:na]
	at org.mybatis.spring.SqlSessionTemplate$SqlSessionInterceptor.invoke(SqlSessionTemplate.java:333) ~[mybatis-spring-3.0.4.jar:3.0.4]
	... 56 common frames omitted

2025-03-19T16:54:11.849+08:00  INFO 27888 --- [server] [nio-8080-exec-9] c.s.controller.DishesTypeController      : Deleting Dishes Type (9) DishesType [name_Zh_HK=null, name_Zh_CN=null, name_Us_En=null]
2025-03-19T16:54:11.853+08:00  INFO 27888 --- [server] [nio-8080-exec-9] c.s.controller.DishesTypeController      : Dishes Type (9) deleted successfully
2025-03-19T16:55:05.927+08:00  INFO 27888 --- [server] [nio-8080-exec-1] c.s.controller.DishesTypeController      : Inserting Dishes Type DishesType [name_Zh_HK=測試, name_Zh_CN=測試, name_Us_En=Testing]
2025-03-19T16:55:05.934+08:00  INFO 27888 --- [server] [nio-8080-exec-1] c.s.controller.DishesTypeController      : Dishes Type inserted successfully
2025-03-19T16:55:12.292+08:00  INFO 27888 --- [server] [nio-8080-exec-6] c.s.controller.DishesTypeController      : Deleting Dishes Type (10) DishesType [name_Zh_HK=null, name_Zh_CN=null, name_Us_En=null]
2025-03-19T16:55:12.294+08:00  INFO 27888 --- [server] [nio-8080-exec-6] c.s.controller.DishesTypeController      : Dishes Type (10) deleted successfully
2025-03-19T16:55:39.408+08:00  INFO 27888 --- [server] [nio-8080-exec-3] c.s.controller.DishesTypeController      : Inserting Dishes Type DishesType [name_Zh_HK=測試, name_Zh_CN=測試, name_Us_En=Testing]
2025-03-19T16:55:39.411+08:00  INFO 27888 --- [server] [nio-8080-exec-3] c.s.controller.DishesTypeController      : Dishes Type inserted successfully
2025-03-19T16:55:43.411+08:00  INFO 27888 --- [server] [nio-8080-exec-8] c.s.controller.DishesTypeController      : Deleting Dishes Type (11) DishesType [name_Zh_HK=null, name_Zh_CN=null, name_Us_En=null]
2025-03-19T16:55:43.421+08:00  INFO 27888 --- [server] [nio-8080-exec-8] c.s.controller.DishesTypeController      : Dishes Type (11) deleted successfully
2025-03-19T16:56:02.513+08:00  INFO 27888 --- [server] [nio-8080-exec-2] c.s.controller.DishesTypeController      : Inserting Dishes Type DishesType [name_Zh_HK=測試, name_Zh_CN=測試, name_Us_En=Testing]
2025-03-19T16:56:02.515+08:00  INFO 27888 --- [server] [nio-8080-exec-2] c.s.controller.DishesTypeController      : Dishes Type inserted successfully
2025-03-19T16:56:08.566+08:00  INFO 27888 --- [server] [nio-8080-exec-6] c.s.controller.DishesTypeController      : Deleting Dishes Type (12) DishesType [name_Zh_HK=null, name_Zh_CN=null, name_Us_En=null]
2025-03-19T16:56:08.576+08:00  INFO 27888 --- [server] [nio-8080-exec-6] c.s.controller.DishesTypeController      : Dishes Type (12) deleted successfully
2025-03-19T17:26:54.022+08:00  INFO 27888 --- [server] [nio-8080-exec-9] c.s.controller.CustomOptionController    : Inserting Custom Option CustomOption [name_zh_hk=糖, name_zh_cn=糖, name_us_en=sugar]
2025-03-19T17:26:54.039+08:00  INFO 27888 --- [server] [io-8080-exec-10] c.s.c.CustomOptionValueController        : Adding CustomOptionValue [custom_option_id=7, value_zh_hk=少糖, value_zh_cn=少糖, value_us_en=less sugar, price_adjustment=0.0]
2025-03-19T17:27:06.953+08:00  INFO 27888 --- [server] [nio-8080-exec-6] c.s.controller.CustomOptionController    : Editing Custom Option (7) CustomOption [name_zh_hk=糖, name_zh_cn=糖, name_us_en=Sugar]
2025-03-19T17:27:06.957+08:00  INFO 27888 --- [server] [nio-8080-exec-6] c.s.controller.CustomOptionController    : Custom Option (7) edited successfully
2025-03-19T17:27:06.969+08:00  INFO 27888 --- [server] [nio-8080-exec-9] c.s.c.CustomOptionValueController        : Custom Option Value [custom_option_id=7] deleted successfully
2025-03-19T17:27:06.974+08:00  INFO 27888 --- [server] [nio-8080-exec-3] c.s.c.CustomOptionValueController        : Adding CustomOptionValue [custom_option_id=7, value_zh_hk=少糖, value_zh_cn=少糖, value_us_en=less Sugar, price_adjustment=0.0]
2025-03-19T17:27:11.438+08:00  INFO 27888 --- [server] [nio-8080-exec-8] c.s.controller.CustomOptionController    : Editing Custom Option (7) CustomOption [name_zh_hk=糖, name_zh_cn=糖, name_us_en=Sugar]
2025-03-19T17:27:11.440+08:00  INFO 27888 --- [server] [nio-8080-exec-8] c.s.controller.CustomOptionController    : Custom Option (7) edited successfully
2025-03-19T17:27:11.449+08:00  INFO 27888 --- [server] [nio-8080-exec-1] c.s.c.CustomOptionValueController        : Custom Option Value [custom_option_id=7] deleted successfully
2025-03-19T17:27:11.452+08:00  INFO 27888 --- [server] [nio-8080-exec-2] c.s.c.CustomOptionValueController        : Adding CustomOptionValue [custom_option_id=7, value_zh_hk=少糖, value_zh_cn=少糖, value_us_en=less Sugar, price_adjustment=0.0]
2025-03-19T17:27:11.745+08:00  INFO 27888 --- [server] [nio-8080-exec-5] c.s.controller.CustomOptionController    : Editing Custom Option (7) CustomOption [name_zh_hk=糖, name_zh_cn=糖, name_us_en=Sugar]
2025-03-19T17:27:11.748+08:00  INFO 27888 --- [server] [nio-8080-exec-5] c.s.controller.CustomOptionController    : Custom Option (7) edited successfully
2025-03-19T17:27:11.758+08:00  INFO 27888 --- [server] [nio-8080-exec-4] c.s.c.CustomOptionValueController        : Custom Option Value [custom_option_id=7] deleted successfully
2025-03-19T17:27:11.762+08:00  INFO 27888 --- [server] [nio-8080-exec-7] c.s.c.CustomOptionValueController        : Adding CustomOptionValue [custom_option_id=7, value_zh_hk=少糖, value_zh_cn=少糖, value_us_en=less Sugar, price_adjustment=0.0]
2025-03-19T17:27:11.919+08:00  INFO 27888 --- [server] [nio-8080-exec-9] c.s.controller.CustomOptionController    : Editing Custom Option (7) CustomOption [name_zh_hk=糖, name_zh_cn=糖, name_us_en=Sugar]
2025-03-19T17:27:11.921+08:00  INFO 27888 --- [server] [nio-8080-exec-9] c.s.controller.CustomOptionController    : Custom Option (7) edited successfully
2025-03-19T17:27:11.931+08:00  INFO 27888 --- [server] [nio-8080-exec-8] c.s.c.CustomOptionValueController        : Custom Option Value [custom_option_id=7] deleted successfully
2025-03-19T17:27:11.934+08:00  INFO 27888 --- [server] [io-8080-exec-10] c.s.c.CustomOptionValueController        : Adding CustomOptionValue [custom_option_id=7, value_zh_hk=少糖, value_zh_cn=少糖, value_us_en=less Sugar, price_adjustment=0.0]
2025-03-19T17:27:12.084+08:00  INFO 27888 --- [server] [nio-8080-exec-1] c.s.controller.CustomOptionController    : Editing Custom Option (7) CustomOption [name_zh_hk=糖, name_zh_cn=糖, name_us_en=Sugar]
2025-03-19T17:27:12.085+08:00  INFO 27888 --- [server] [nio-8080-exec-1] c.s.controller.CustomOptionController    : Custom Option (7) edited successfully
2025-03-19T17:27:12.097+08:00  INFO 27888 --- [server] [nio-8080-exec-5] c.s.c.CustomOptionValueController        : Custom Option Value [custom_option_id=7] deleted successfully
2025-03-19T17:27:12.102+08:00  INFO 27888 --- [server] [nio-8080-exec-6] c.s.c.CustomOptionValueController        : Adding CustomOptionValue [custom_option_id=7, value_zh_hk=少糖, value_zh_cn=少糖, value_us_en=less Sugar, price_adjustment=0.0]
2025-03-19T17:27:21.071+08:00  INFO 27888 --- [server] [nio-8080-exec-4] c.s.controller.CustomOptionController    : Editing Custom Option (7) CustomOption [name_zh_hk=糖, name_zh_cn=糖, name_us_en=Sugar]
2025-03-19T17:27:21.079+08:00  INFO 27888 --- [server] [nio-8080-exec-4] c.s.controller.CustomOptionController    : Custom Option (7) edited successfully
2025-03-19T17:27:21.100+08:00  INFO 27888 --- [server] [nio-8080-exec-9] c.s.c.CustomOptionValueController        : Custom Option Value [custom_option_id=7] deleted successfully
2025-03-19T17:27:21.102+08:00  INFO 27888 --- [server] [nio-8080-exec-3] c.s.c.CustomOptionValueController        : Adding CustomOptionValue [custom_option_id=7, value_zh_hk=少糖, value_zh_cn=少糖, value_us_en=less Sugar, price_adjustment=0.0]
2025-03-19T17:27:39.924+08:00  INFO 27888 --- [server] [nio-8080-exec-2] c.s.controller.CustomOptionController    : Editing Custom Option (7) CustomOption [name_zh_hk=糖, name_zh_cn=糖, name_us_en=sugar]
2025-03-19T17:27:39.928+08:00  INFO 27888 --- [server] [nio-8080-exec-2] c.s.controller.CustomOptionController    : Custom Option (7) edited successfully
2025-03-19T17:27:39.937+08:00  INFO 27888 --- [server] [nio-8080-exec-6] c.s.c.CustomOptionValueController        : Custom Option Value [custom_option_id=7] deleted successfully
2025-03-19T17:27:39.940+08:00  INFO 27888 --- [server] [nio-8080-exec-4] c.s.c.CustomOptionValueController        : Adding CustomOptionValue [custom_option_id=7, value_zh_hk=少糖, value_zh_cn=少糖, value_us_en=less Sugar, price_adjustment=0.0]
2025-03-19T17:31:28.314+08:00  INFO 27888 --- [server] [nio-8080-exec-5] c.s.controller.CustomOptionController    : Editing Custom Option (7) CustomOption [name_zh_hk=糖, name_zh_cn=糖, name_us_en=sugar]
2025-03-19T17:31:28.316+08:00  INFO 27888 --- [server] [nio-8080-exec-5] c.s.controller.CustomOptionController    : Custom Option (7) edited successfully
2025-03-19T17:31:28.329+08:00  INFO 27888 --- [server] [nio-8080-exec-4] c.s.c.CustomOptionValueController        : Custom Option Value [custom_option_id=7] deleted successfully
2025-03-19T17:31:28.331+08:00  INFO 27888 --- [server] [nio-8080-exec-7] c.s.c.CustomOptionValueController        : Adding CustomOptionValue [custom_option_id=7, value_zh_hk=少糖, value_zh_cn=少糖, value_us_en=less Sugar, price_adjustment=0.0]
2025-03-19T17:32:01.997+08:00  INFO 27888 --- [server] [nio-8080-exec-3] c.s.controller.CustomOptionController    : Editing Custom Option (7) CustomOption [name_zh_hk=糖, name_zh_cn=糖, name_us_en=sugar]
2025-03-19T17:32:01.999+08:00  INFO 27888 --- [server] [nio-8080-exec-3] c.s.controller.CustomOptionController    : Custom Option (7) edited successfully
2025-03-19T17:32:02.010+08:00  INFO 27888 --- [server] [io-8080-exec-10] c.s.c.CustomOptionValueController        : Custom Option Value [custom_option_id=7] deleted successfully
2025-03-19T17:32:02.013+08:00  INFO 27888 --- [server] [nio-8080-exec-1] c.s.c.CustomOptionValueController        : Adding CustomOptionValue [custom_option_id=7, value_zh_hk=少糖, value_zh_cn=少糖, value_us_en=less Sugar, price_adjustment=0.0]
2025-03-19T17:33:32.433+08:00  INFO 27888 --- [server] [nio-8080-exec-9] c.s.c.CustomOptionValueController        : Custom Option Value [custom_option_id=7] deleted successfully
2025-03-19T17:33:32.440+08:00  INFO 27888 --- [server] [nio-8080-exec-8] c.s.c.MenuItemCustomOptionsController    : deleteMenuItemCustomOptionByCustomOptionId: customOptionId={7}
2025-03-19T17:39:47.211+08:00  INFO 27888 --- [server] [nio-8080-exec-3] c.s.c.MenuItemCustomOptionsController    : deleteMenuItemCustomOptionByCustomOptionId: customOptionId={7}
2025-03-19T17:39:47.217+08:00  INFO 27888 --- [server] [io-8080-exec-10] c.s.controller.CustomOptionController    : Deleting Custom Option (7) CustomOption [name_zh_hk=null, name_zh_cn=null, name_us_en=null]
2025-03-19T17:39:47.228+08:00  INFO 27888 --- [server] [io-8080-exec-10] c.s.controller.CustomOptionController    : Custom Option (7) deleted successfully
