
  .   ____          _            __ _ _
 /\\ / ___'_ __ _ _(_)_ __  __ _ \ \ \ \
( ( )\___ | '_ | '_| | '_ \/ _` | \ \ \ \
 \\/  ___)| |_)| | | | | || (_| |  ) ) ) )
  '  |____| .__|_| |_|_| |_\__, | / / / /
 =========|_|==============|___/=/_/_/_/

 :: Spring Boot ::       (v3.4.2-SNAPSHOT)

2025-03-12T11:13:59.808+08:00  INFO 19604 --- [server] [           main] com.server.ServerApplication             : Starting ServerApplication using Java 21.0.5 with PID 19604 (C:\Users\kahei\Desktop\ive-fyp\server\target\classes started by kahei in C:\Users\kahei\Desktop\ive-fyp\server)
2025-03-12T11:13:59.808+08:00  INFO 19604 --- [server] [           main] com.server.ServerApplication             : No active profile set, falling back to 1 default profile: "default"
2025-03-12T11:14:00.712+08:00  INFO 19604 --- [server] [           main] o.s.b.w.embedded.tomcat.TomcatWebServer  : Tomcat initialized with port 8080 (http)
2025-03-12T11:14:00.732+08:00  INFO 19604 --- [server] [           main] o.apache.catalina.core.StandardService   : Starting service [Tomcat]
2025-03-12T11:14:00.732+08:00  INFO 19604 --- [server] [           main] o.apache.catalina.core.StandardEngine    : Starting Servlet engine: [Apache Tomcat/10.1.34]
2025-03-12T11:14:00.903+08:00  INFO 19604 --- [server] [           main] o.a.c.c.C.[Tomcat].[localhost].[/]       : Initializing Spring embedded WebApplicationContext
2025-03-12T11:14:00.903+08:00  INFO 19604 --- [server] [           main] w.s.c.ServletWebServerApplicationContext : Root WebApplicationContext: initialization completed in 1052 ms
2025-03-12T11:14:01.525+08:00  INFO 19604 --- [server] [           main] o.s.b.w.embedded.tomcat.TomcatWebServer  : Tomcat started on port 8080 (http) with context path '/'
2025-03-12T11:14:01.536+08:00  INFO 19604 --- [server] [           main] com.server.ServerApplication             : Started ServerApplication in 2.141 seconds (process running for 2.536)
org.springframework.boot.web.servlet.context.AnnotationConfigServletWebServerApplicationContext@6f1c29b7, started on Wed Mar 12 11:13:59 HKT 2025
2025-03-12T11:14:01.538+08:00  INFO 19604 --- [server] [           main] com.server.ServerApplication             : Server is running on port 8080
2025-03-12T11:17:50.261+08:00  INFO 19604 --- [server] [nio-8080-exec-1] o.a.c.c.C.[Tomcat].[localhost].[/]       : Initializing Spring DispatcherServlet 'dispatcherServlet'
2025-03-12T11:17:50.262+08:00  INFO 19604 --- [server] [nio-8080-exec-1] o.s.web.servlet.DispatcherServlet        : Initializing Servlet 'dispatcherServlet'
2025-03-12T11:17:50.264+08:00  INFO 19604 --- [server] [nio-8080-exec-1] o.s.web.servlet.DispatcherServlet        : Completed initialization in 2 ms
2025-03-12T11:17:50.464+08:00  INFO 19604 --- [server] [nio-8080-exec-3] com.zaxxer.hikari.HikariDataSource       : HikariPool-1 - Starting...
2025-03-12T11:17:50.723+08:00  INFO 19604 --- [server] [nio-8080-exec-3] com.zaxxer.hikari.pool.HikariPool        : HikariPool-1 - Added connection com.mysql.cj.jdbc.ConnectionImpl@5c22d9bb
2025-03-12T11:17:50.726+08:00  INFO 19604 --- [server] [nio-8080-exec-3] com.zaxxer.hikari.HikariDataSource       : HikariPool-1 - Start completed.
2025-03-12T11:17:50.886+08:00  INFO 19604 --- [server] [nio-8080-exec-3] com.server.service.AdminService          : Admin logged in
