
  .   ____          _            __ _ _
 /\\ / ___'_ __ _ _(_)_ __  __ _ \ \ \ \
( ( )\___ | '_ | '_| | '_ \/ _` | \ \ \ \
 \\/  ___)| |_)| | | | | || (_| |  ) ) ) )
  '  |____| .__|_| |_|_| |_\__, | / / / /
 =========|_|==============|___/=/_/_/_/

 :: Spring Boot ::       (v3.4.2-SNAPSHOT)

2025-03-10T22:02:26.365+08:00  INFO 26500 --- [           main] com.server.ServerApplication             : Starting ServerApplication using Java 21.0.5 with PID 26500 (C:\GitHub_Cloned_Project\ive-fyp\server\target\classes started by a9545 in C:\GitHub_Cloned_Project\ive-fyp\server)
2025-03-10T22:02:26.371+08:00  INFO 26500 --- [           main] com.server.ServerApplication             : No active profile set, falling back to 1 default profile: "default"
2025-03-10T22:02:28.042+08:00  WARN 26500 --- [           main] o.m.s.mapper.ClassPathMapperScanner      : No MyBatis mapper was found in '[com.server]' package. Please check your configuration.
2025-03-10T22:02:29.128+08:00  INFO 26500 --- [           main] o.s.b.w.embedded.tomcat.TomcatWebServer  : Tomcat initialized with port 8080 (http)
2025-03-10T22:02:29.208+08:00  INFO 26500 --- [           main] o.apache.catalina.core.StandardService   : Starting service [Tomcat]
2025-03-10T22:02:29.208+08:00  INFO 26500 --- [           main] o.apache.catalina.core.StandardEngine    : Starting Servlet engine: [Apache Tomcat/10.1.34]
2025-03-10T22:02:29.392+08:00  INFO 26500 --- [           main] o.a.c.c.C.[Tomcat].[localhost].[/]       : Initializing Spring embedded WebApplicationContext
2025-03-10T22:02:29.395+08:00  INFO 26500 --- [           main] w.s.c.ServletWebServerApplicationContext : Root WebApplicationContext: initialization completed in 2926 ms
2025-03-10T22:02:30.376+08:00  WARN 26500 --- [           main] ConfigServletWebServerApplicationContext : Exception encountered during context initialization - cancelling refresh attempt: org.springframework.beans.factory.BeanCreationException: Error creating bean with name 'dataSource' defined in class path resource [org/springframework/boot/autoconfigure/jdbc/DataSourceConfiguration$Hikari.class]: Failed to instantiate [com.zaxxer.hikari.HikariDataSource]: Factory method 'dataSource' threw exception with message: Failed to determine a suitable driver class
2025-03-10T22:02:30.393+08:00  INFO 26500 --- [           main] o.apache.catalina.core.StandardService   : Stopping service [Tomcat]
2025-03-10T22:02:30.425+08:00  INFO 26500 --- [           main] .s.b.a.l.ConditionEvaluationReportLogger : 

Error starting ApplicationContext. To display the condition evaluation report re-run your application with 'debug' enabled.
2025-03-10T22:02:30.453+08:00 ERROR 26500 --- [           main] o.s.b.d.LoggingFailureAnalysisReporter   : 

***************************
APPLICATION FAILED TO START
***************************

Description:

Failed to configure a DataSource: 'url' attribute is not specified and no embedded datasource could be configured.

Reason: Failed to determine a suitable driver class


Action:

Consider the following:
	If you want an embedded database (H2, HSQL or Derby), please put it on the classpath.
	If you have database settings to be loaded from a particular profile you may need to activate it (no profiles are currently active).

