
  .   ____          _            __ _ _
 /\\ / ___'_ __ _ _(_)_ __  __ _ \ \ \ \
( ( )\___ | '_ | '_| | '_ \/ _` | \ \ \ \
 \\/  ___)| |_)| | | | | || (_| |  ) ) ) )
  '  |____| .__|_| |_|_| |_\__, | / / / /
 =========|_|==============|___/=/_/_/_/

 :: Spring Boot ::       (v3.4.2-SNAPSHOT)

2025-02-26T17:44:44.362+08:00  INFO 12800 --- [server] [           main] com.server.ServerApplication             : Starting ServerApplication using Java 21.0.5 with PID 12800 (C:\Users\kahei\Desktop\ive-fyp\server\target\classes started by kahei in C:\Users\kahei\Desktop\ive-fyp\server)
2025-02-26T17:44:44.373+08:00  INFO 12800 --- [server] [           main] com.server.ServerApplication             : No active profile set, falling back to 1 default profile: "default"
2025-02-26T17:44:44.842+08:00  INFO 12800 --- [server] [           main] o.s.b.w.embedded.tomcat.TomcatWebServer  : Tomcat initialized with port 8080 (http)
2025-02-26T17:44:44.850+08:00  INFO 12800 --- [server] [           main] o.apache.catalina.core.StandardService   : Starting service [Tomcat]
2025-02-26T17:44:44.850+08:00  INFO 12800 --- [server] [           main] o.apache.catalina.core.StandardEngine    : Starting Servlet engine: [Apache Tomcat/10.1.34]
2025-02-26T17:44:44.876+08:00  INFO 12800 --- [server] [           main] o.a.c.c.C.[Tomcat].[localhost].[/]       : Initializing Spring embedded WebApplicationContext
2025-02-26T17:44:44.877+08:00  INFO 12800 --- [server] [           main] w.s.c.ServletWebServerApplicationContext : Root WebApplicationContext: initialization completed in 484 ms
2025-02-26T17:44:45.156+08:00  INFO 12800 --- [server] [           main] o.s.b.w.embedded.tomcat.TomcatWebServer  : Tomcat started on port 8080 (http) with context path '/'
2025-02-26T17:44:45.159+08:00  INFO 12800 --- [server] [           main] com.server.ServerApplication             : Started ServerApplication in 0.991 seconds (process running for 1.186)
org.springframework.boot.web.servlet.context.AnnotationConfigServletWebServerApplicationContext@6f1c29b7, started on Wed Feb 26 17:44:44 HKT 2025
2025-02-26T17:44:45.160+08:00  INFO 12800 --- [server] [           main] com.server.ServerApplication             : Server is running on port 8080
2025-02-26T17:49:25.072+08:00  INFO 12800 --- [server] [ionShutdownHook] o.s.b.w.e.tomcat.GracefulShutdown        : Commencing graceful shutdown. Waiting for active requests to complete
2025-02-26T17:49:25.081+08:00  INFO 12800 --- [server] [tomcat-shutdown] o.s.b.w.e.tomcat.GracefulShutdown        : Graceful shutdown complete
