
  .   ____          _            __ _ _
 /\\ / ___'_ __ _ _(_)_ __  __ _ \ \ \ \
( ( )\___ | '_ | '_| | '_ \/ _` | \ \ \ \
 \\/  ___)| |_)| | | | | || (_| |  ) ) ) )
  '  |____| .__|_| |_|_| |_\__, | / / / /
 =========|_|==============|___/=/_/_/_/

 :: Spring Boot ::       (v3.4.2-SNAPSHOT)

2025-03-21T18:29:11.780+08:00  INFO 25628 --- [server] [           main] com.server.ServerApplication             : Starting ServerApplication using Java 21.0.5 with PID 25628 (C:\Users\kahei\Desktop\ive-fyp\server\target\classes started by kahei in C:\Users\kahei\Desktop\ive-fyp\server)
2025-03-21T18:29:11.780+08:00  INFO 25628 --- [server] [           main] com.server.ServerApplication             : No active profile set, falling back to 1 default profile: "default"
2025-03-21T18:29:12.268+08:00  INFO 25628 --- [server] [           main] o.s.b.w.embedded.tomcat.TomcatWebServer  : Tomcat initialized with port 8080 (http)
2025-03-21T18:29:12.276+08:00  INFO 25628 --- [server] [           main] o.apache.catalina.core.StandardService   : Starting service [Tomcat]
2025-03-21T18:29:12.276+08:00  INFO 25628 --- [server] [           main] o.apache.catalina.core.StandardEngine    : Starting Servlet engine: [Apache Tomcat/10.1.34]
2025-03-21T18:29:12.305+08:00  INFO 25628 --- [server] [           main] o.a.c.c.C.[Tomcat].[localhost].[/]       : Initializing Spring embedded WebApplicationContext
2025-03-21T18:29:12.305+08:00  INFO 25628 --- [server] [           main] w.s.c.ServletWebServerApplicationContext : Root WebApplicationContext: initialization completed in 501 ms
2025-03-21T18:29:12.655+08:00  INFO 25628 --- [server] [           main] o.s.b.w.embedded.tomcat.TomcatWebServer  : Tomcat started on port 8080 (http) with context path '/'
2025-03-21T18:29:12.659+08:00  INFO 25628 --- [server] [           main] com.server.ServerApplication             : Started ServerApplication in 1.074 seconds (process running for 1.27)
org.springframework.boot.web.servlet.context.AnnotationConfigServletWebServerApplicationContext@6f1c29b7, started on Fri Mar 21 18:29:11 HKT 2025
2025-03-21T18:29:12.661+08:00  INFO 25628 --- [server] [           main] com.server.ServerApplication             : Server is running on port 8080
2025-03-21T18:30:08.705+08:00  INFO 25628 --- [server] [nio-8080-exec-2] o.a.c.c.C.[Tomcat].[localhost].[/]       : Initializing Spring DispatcherServlet 'dispatcherServlet'
2025-03-21T18:30:08.705+08:00  INFO 25628 --- [server] [nio-8080-exec-2] o.s.web.servlet.DispatcherServlet        : Initializing Servlet 'dispatcherServlet'
2025-03-21T18:30:08.705+08:00  INFO 25628 --- [server] [nio-8080-exec-2] o.s.web.servlet.DispatcherServlet        : Completed initialization in 0 ms
2025-03-21T18:30:08.847+08:00  INFO 25628 --- [server] [nio-8080-exec-1] com.zaxxer.hikari.HikariDataSource       : HikariPool-1 - Starting...
2025-03-21T18:30:08.997+08:00  INFO 25628 --- [server] [nio-8080-exec-1] com.zaxxer.hikari.pool.HikariPool        : HikariPool-1 - Added connection com.mysql.cj.jdbc.ConnectionImpl@7aab0ac9
2025-03-21T18:30:09.001+08:00  INFO 25628 --- [server] [nio-8080-exec-1] com.zaxxer.hikari.HikariDataSource       : HikariPool-1 - Start completed.
2025-03-21T18:30:09.096+08:00  INFO 25628 --- [server] [nio-8080-exec-1] com.server.service.AdminService          : Admin logged in
2025-03-21T19:54:51.104+08:00  INFO 25628 --- [server] [nio-8080-exec-1] com.server.service.AdminService          : Admin logged in
2025-03-21T21:46:59.783+08:00  INFO 25628 --- [server] [ionShutdownHook] o.s.b.w.e.tomcat.GracefulShutdown        : Commencing graceful shutdown. Waiting for active requests to complete
2025-03-21T21:46:59.789+08:00  INFO 25628 --- [server] [tomcat-shutdown] o.s.b.w.e.tomcat.GracefulShutdown        : Graceful shutdown complete
2025-03-21T21:46:59.793+08:00  INFO 25628 --- [server] [ionShutdownHook] com.zaxxer.hikari.HikariDataSource       : HikariPool-1 - Shutdown initiated...
2025-03-21T21:46:59.796+08:00  INFO 25628 --- [server] [ionShutdownHook] com.zaxxer.hikari.HikariDataSource       : HikariPool-1 - Shutdown completed.
