
  .   ____          _            __ _ _
 /\\ / ___'_ __ _ _(_)_ __  __ _ \ \ \ \
( ( )\___ | '_ | '_| | '_ \/ _` | \ \ \ \
 \\/  ___)| |_)| | | | | || (_| |  ) ) ) )
  '  |____| .__|_| |_|_| |_\__, | / / / /
 =========|_|==============|___/=/_/_/_/

 :: Spring Boot ::       (v3.4.2-SNAPSHOT)

2025-03-09T22:13:41.628+08:00  INFO 26272 --- [server] [           main] com.server.ServerApplication             : Starting ServerApplication using Java 21.0.5 with PID 26272 (C:\Users\kahei\Desktop\ive-fyp\server\target\classes started by kahei in C:\Users\kahei\Desktop\ive-fyp\server)
2025-03-09T22:13:41.630+08:00  INFO 26272 --- [server] [           main] com.server.ServerApplication             : No active profile set, falling back to 1 default profile: "default"
2025-03-09T22:13:42.115+08:00  INFO 26272 --- [server] [           main] o.s.b.w.embedded.tomcat.TomcatWebServer  : Tomcat initialized with port 8080 (http)
2025-03-09T22:13:42.124+08:00  INFO 26272 --- [server] [           main] o.apache.catalina.core.StandardService   : Starting service [Tomcat]
2025-03-09T22:13:42.124+08:00  INFO 26272 --- [server] [           main] o.apache.catalina.core.StandardEngine    : Starting Servlet engine: [Apache Tomcat/10.1.34]
2025-03-09T22:13:42.152+08:00  INFO 26272 --- [server] [           main] o.a.c.c.C.[Tomcat].[localhost].[/]       : Initializing Spring embedded WebApplicationContext
2025-03-09T22:13:42.152+08:00  INFO 26272 --- [server] [           main] w.s.c.ServletWebServerApplicationContext : Root WebApplicationContext: initialization completed in 503 ms
2025-03-09T22:13:42.517+08:00  INFO 26272 --- [server] [           main] o.s.b.w.embedded.tomcat.TomcatWebServer  : Tomcat started on port 8080 (http) with context path '/'
2025-03-09T22:13:42.524+08:00  INFO 26272 --- [server] [           main] com.server.ServerApplication             : Started ServerApplication in 1.093 seconds (process running for 1.274)
org.springframework.boot.web.servlet.context.AnnotationConfigServletWebServerApplicationContext@6f1c29b7, started on Sun Mar 09 22:13:41 HKT 2025
2025-03-09T22:13:42.526+08:00  INFO 26272 --- [server] [           main] com.server.ServerApplication             : Server is running on port 8080
2025-03-09T22:13:58.582+08:00  INFO 26272 --- [server] [nio-8080-exec-1] o.a.c.c.C.[Tomcat].[localhost].[/]       : Initializing Spring DispatcherServlet 'dispatcherServlet'
2025-03-09T22:13:58.582+08:00  INFO 26272 --- [server] [nio-8080-exec-1] o.s.web.servlet.DispatcherServlet        : Initializing Servlet 'dispatcherServlet'
2025-03-09T22:13:58.582+08:00  INFO 26272 --- [server] [nio-8080-exec-1] o.s.web.servlet.DispatcherServlet        : Completed initialization in 0 ms
2025-03-09T22:13:58.707+08:00  INFO 26272 --- [server] [nio-8080-exec-1] com.zaxxer.hikari.HikariDataSource       : HikariPool-1 - Starting...
2025-03-09T22:13:58.856+08:00  INFO 26272 --- [server] [nio-8080-exec-1] com.zaxxer.hikari.pool.HikariPool        : HikariPool-1 - Added connection com.mysql.cj.jdbc.ConnectionImpl@76a0c25
2025-03-09T22:13:58.857+08:00  INFO 26272 --- [server] [nio-8080-exec-1] com.zaxxer.hikari.HikariDataSource       : HikariPool-1 - Start completed.
2025-03-09T22:14:43.351+08:00  INFO 26272 --- [server] [nio-8080-exec-2] c.s.c.CustomOptionValueController        : Custom Option Value [custom_option_id=3] deleted successfully
2025-03-09T22:14:43.357+08:00  INFO 26272 --- [server] [nio-8080-exec-3] c.s.c.MenuItemCustomOptionsController    : deleteMenuItemCustomOptionByCustomOptionId: customOptionId={3}
2025-03-09T22:14:43.375+08:00  INFO 26272 --- [server] [nio-8080-exec-4] c.s.controller.CustomOptionController    : Deleting Custom Option (3) CustomOption [name_zh_hk=null, name_zh_cn=null, name_us_en=null]
2025-03-09T22:14:43.378+08:00  INFO 26272 --- [server] [nio-8080-exec-4] c.s.controller.CustomOptionController    : Custom Option (3) deleted successfully
2025-03-09T22:15:20.357+08:00  INFO 26272 --- [server] [ionShutdownHook] o.s.b.w.e.tomcat.GracefulShutdown        : Commencing graceful shutdown. Waiting for active requests to complete
2025-03-09T22:15:20.367+08:00  INFO 26272 --- [server] [tomcat-shutdown] o.s.b.w.e.tomcat.GracefulShutdown        : Graceful shutdown complete
2025-03-09T22:15:20.373+08:00  INFO 26272 --- [server] [ionShutdownHook] com.zaxxer.hikari.HikariDataSource       : HikariPool-1 - Shutdown initiated...
2025-03-09T22:15:20.383+08:00  INFO 26272 --- [server] [ionShutdownHook] com.zaxxer.hikari.HikariDataSource       : HikariPool-1 - Shutdown completed.
