
  .   ____          _            __ _ _
 /\\ / ___'_ __ _ _(_)_ __  __ _ \ \ \ \
( ( )\___ | '_ | '_| | '_ \/ _` | \ \ \ \
 \\/  ___)| |_)| | | | | || (_| |  ) ) ) )
  '  |____| .__|_| |_|_| |_\__, | / / / /
 =========|_|==============|___/=/_/_/_/

 :: Spring Boot ::       (v3.4.2-SNAPSHOT)

2025-03-03T14:01:12.842+08:00  INFO 3880 --- [server] [           main] com.server.ServerApplication             : Starting ServerApplication using Java 21.0.5 with PID 3880 (C:\Users\kahei\Desktop\ive-fyp\server\target\classes started by kahei in C:\Users\kahei\Desktop\ive-fyp\server)
2025-03-03T14:01:12.843+08:00  INFO 3880 --- [server] [           main] com.server.ServerApplication             : No active profile set, falling back to 1 default profile: "default"
2025-03-03T14:01:13.310+08:00  INFO 3880 --- [server] [           main] o.s.b.w.embedded.tomcat.TomcatWebServer  : Tomcat initialized with port 8080 (http)
2025-03-03T14:01:13.318+08:00  INFO 3880 --- [server] [           main] o.apache.catalina.core.StandardService   : Starting service [Tomcat]
2025-03-03T14:01:13.318+08:00  INFO 3880 --- [server] [           main] o.apache.catalina.core.StandardEngine    : Starting Servlet engine: [Apache Tomcat/10.1.34]
2025-03-03T14:01:13.344+08:00  INFO 3880 --- [server] [           main] o.a.c.c.C.[Tomcat].[localhost].[/]       : Initializing Spring embedded WebApplicationContext
2025-03-03T14:01:13.344+08:00  INFO 3880 --- [server] [           main] w.s.c.ServletWebServerApplicationContext : Root WebApplicationContext: initialization completed in 479 ms
2025-03-03T14:01:13.614+08:00  INFO 3880 --- [server] [           main] o.s.b.w.embedded.tomcat.TomcatWebServer  : Tomcat started on port 8080 (http) with context path '/'
2025-03-03T14:01:13.617+08:00  INFO 3880 --- [server] [           main] com.server.ServerApplication             : Started ServerApplication in 0.996 seconds (process running for 1.2)
org.springframework.boot.web.servlet.context.AnnotationConfigServletWebServerApplicationContext@6f1c29b7, started on Mon Mar 03 14:01:12 HKT 2025
2025-03-03T14:01:13.618+08:00  INFO 3880 --- [server] [           main] com.server.ServerApplication             : Server is running on port 8080
2025-03-03T14:03:15.973+08:00  INFO 3880 --- [server] [nio-8080-exec-1] o.a.c.c.C.[Tomcat].[localhost].[/]       : Initializing Spring DispatcherServlet 'dispatcherServlet'
2025-03-03T14:03:15.973+08:00  INFO 3880 --- [server] [nio-8080-exec-1] o.s.web.servlet.DispatcherServlet        : Initializing Servlet 'dispatcherServlet'
2025-03-03T14:03:15.974+08:00  INFO 3880 --- [server] [nio-8080-exec-1] o.s.web.servlet.DispatcherServlet        : Completed initialization in 1 ms
2025-03-03T14:03:16.048+08:00  INFO 3880 --- [server] [nio-8080-exec-2] com.zaxxer.hikari.HikariDataSource       : HikariPool-1 - Starting...
2025-03-03T14:03:16.129+08:00  INFO 3880 --- [server] [nio-8080-exec-2] com.zaxxer.hikari.pool.HikariPool        : HikariPool-1 - Added connection com.mysql.cj.jdbc.ConnectionImpl@67f9dc72
2025-03-03T14:03:16.130+08:00  INFO 3880 --- [server] [nio-8080-exec-2] com.zaxxer.hikari.HikariDataSource       : HikariPool-1 - Start completed.
2025-03-03T14:03:16.162+08:00  INFO 3880 --- [server] [nio-8080-exec-2] com.server.service.AdminService          : Admin logged in
2025-03-03T14:07:14.936+08:00  INFO 3880 --- [server] [nio-8080-exec-4] com.server.service.AdminService          : Admin logged in
2025-03-03T14:08:36.128+08:00  INFO 3880 --- [server] [nio-8080-exec-7] com.server.service.AdminService          : Admin logged in
2025-03-03T14:09:07.924+08:00  INFO 3880 --- [server] [io-8080-exec-10] com.server.service.AdminService          : Admin logged in
2025-03-03T14:09:28.902+08:00  INFO 3880 --- [server] [nio-8080-exec-3] com.server.service.AdminService          : Admin logged in
2025-03-03T14:09:53.968+08:00  INFO 3880 --- [server] [nio-8080-exec-5] com.server.service.AdminService          : Admin logged in
2025-03-03T14:10:21.740+08:00  INFO 3880 --- [server] [nio-8080-exec-6] com.server.service.AdminService          : Admin logged in
2025-03-03T14:10:57.466+08:00  INFO 3880 --- [server] [nio-8080-exec-7] com.server.service.AdminService          : Admin logged in
2025-03-03T14:12:35.529+08:00  INFO 3880 --- [server] [nio-8080-exec-1] com.server.service.AdminService          : Admin logged in
2025-03-03T14:12:40.820+08:00  WARN 3880 --- [server] [nio-8080-exec-2] .w.s.m.s.DefaultHandlerExceptionResolver : Resolved [org.springframework.web.HttpRequestMethodNotSupportedException: Request method 'GET' is not supported]
2025-03-03T14:13:02.082+08:00  INFO 3880 --- [server] [nio-8080-exec-4] com.server.service.AdminService          : Admin logged in
2025-03-03T14:13:19.430+08:00  INFO 3880 --- [server] [nio-8080-exec-8] com.server.service.AdminService          : Admin logged in
2025-03-03T14:13:47.039+08:00  INFO 3880 --- [server] [nio-8080-exec-1] com.server.service.AdminService          : Admin logged in
2025-03-03T14:13:57.472+08:00  INFO 3880 --- [server] [nio-8080-exec-2] com.server.service.AdminService          : Admin logged in
2025-03-03T14:14:12.843+08:00  INFO 3880 --- [server] [nio-8080-exec-4] com.server.service.AdminService          : Admin logged in
2025-03-03T14:14:43.721+08:00  INFO 3880 --- [server] [nio-8080-exec-8] com.server.service.AdminService          : Admin logged in
2025-03-03T14:15:06.942+08:00  INFO 3880 --- [server] [nio-8080-exec-9] com.server.service.AdminService          : Admin logged in
2025-03-03T14:15:35.840+08:00  INFO 3880 --- [server] [nio-8080-exec-1] com.server.service.AdminService          : Admin logged in
2025-03-03T14:16:04.842+08:00  INFO 3880 --- [server] [nio-8080-exec-2] com.server.service.AdminService          : Admin logged in
2025-03-03T14:16:14.131+08:00  INFO 3880 --- [server] [nio-8080-exec-4] com.server.service.AdminService          : Admin logged in
2025-03-03T14:16:20.850+08:00  INFO 3880 --- [server] [nio-8080-exec-8] com.server.service.AdminService          : Admin logged in
2025-03-03T14:19:48.096+08:00  INFO 3880 --- [server] [io-8080-exec-10] com.server.service.AdminService          : Admin logged in
2025-03-03T14:20:25.240+08:00  INFO 3880 --- [server] [nio-8080-exec-3] com.server.service.AdminService          : Admin logged in
2025-03-03T14:21:06.086+08:00  INFO 3880 --- [server] [nio-8080-exec-5] com.server.service.AdminService          : Admin logged in
2025-03-03T14:21:44.301+08:00  INFO 3880 --- [server] [nio-8080-exec-6] com.server.service.AdminService          : Admin logged in
2025-03-03T14:22:41.877+08:00  INFO 3880 --- [server] [nio-8080-exec-7] com.server.service.AdminService          : Admin logged in
2025-03-03T14:23:07.996+08:00  INFO 3880 --- [server] [io-8080-exec-10] com.server.service.AdminService          : Admin logged in
2025-03-03T14:23:31.753+08:00  INFO 3880 --- [server] [nio-8080-exec-3] com.server.service.AdminService          : Admin logged in
2025-03-03T14:24:10.046+08:00  INFO 3880 --- [server] [nio-8080-exec-5] com.server.service.AdminService          : Admin logged in
2025-03-03T14:24:56.027+08:00  INFO 3880 --- [server] [nio-8080-exec-6] com.server.service.AdminService          : Admin logged in
2025-03-03T14:25:19.302+08:00  INFO 3880 --- [server] [nio-8080-exec-7] com.server.service.AdminService          : Admin logged in
2025-03-03T15:52:42.446+08:00  INFO 3880 --- [server] [nio-8080-exec-3] com.server.service.AdminService          : Admin logged in
2025-03-03T18:29:58.561+08:00  INFO 3880 --- [server] [ionShutdownHook] o.s.b.w.e.tomcat.GracefulShutdown        : Commencing graceful shutdown. Waiting for active requests to complete
2025-03-03T18:29:58.566+08:00  INFO 3880 --- [server] [tomcat-shutdown] o.s.b.w.e.tomcat.GracefulShutdown        : Graceful shutdown complete
2025-03-03T18:29:58.569+08:00  INFO 3880 --- [server] [ionShutdownHook] com.zaxxer.hikari.HikariDataSource       : HikariPool-1 - Shutdown initiated...
2025-03-03T18:30:00.390+08:00  INFO 3880 --- [server] [ionShutdownHook] com.zaxxer.hikari.HikariDataSource       : HikariPool-1 - Shutdown completed.
