
  .   ____          _            __ _ _
 /\\ / ___'_ __ _ _(_)_ __  __ _ \ \ \ \
( ( )\___ | '_ | '_| | '_ \/ _` | \ \ \ \
 \\/  ___)| |_)| | | | | || (_| |  ) ) ) )
  '  |____| .__|_| |_|_| |_\__, | / / / /
 =========|_|==============|___/=/_/_/_/

 :: Spring Boot ::       (v3.4.2-SNAPSHOT)

2025-03-08T23:41:53.260+08:00  INFO 29424 --- [server] [           main] com.server.ServerApplication             : Starting ServerApplication using Java 21.0.5 with PID 29424 (C:\Users\kahei\Desktop\ive-fyp\server\target\classes started by kahei in C:\Users\kahei\Desktop\ive-fyp\server)
2025-03-08T23:41:53.260+08:00  INFO 29424 --- [server] [           main] com.server.ServerApplication             : No active profile set, falling back to 1 default profile: "default"
2025-03-08T23:41:53.732+08:00  INFO 29424 --- [server] [           main] o.s.b.w.embedded.tomcat.TomcatWebServer  : Tomcat initialized with port 8080 (http)
2025-03-08T23:41:53.740+08:00  INFO 29424 --- [server] [           main] o.apache.catalina.core.StandardService   : Starting service [Tomcat]
2025-03-08T23:41:53.740+08:00  INFO 29424 --- [server] [           main] o.apache.catalina.core.StandardEngine    : Starting Servlet engine: [Apache Tomcat/10.1.34]
2025-03-08T23:41:53.769+08:00  INFO 29424 --- [server] [           main] o.a.c.c.C.[Tomcat].[localhost].[/]       : Initializing Spring embedded WebApplicationContext
2025-03-08T23:41:53.770+08:00  INFO 29424 --- [server] [           main] w.s.c.ServletWebServerApplicationContext : Root WebApplicationContext: initialization completed in 481 ms
2025-03-08T23:41:54.070+08:00  INFO 29424 --- [server] [           main] o.s.b.w.embedded.tomcat.TomcatWebServer  : Tomcat started on port 8080 (http) with context path '/'
2025-03-08T23:41:54.079+08:00  INFO 29424 --- [server] [           main] com.server.ServerApplication             : Started ServerApplication in 1.046 seconds (process running for 1.229)
org.springframework.boot.web.servlet.context.AnnotationConfigServletWebServerApplicationContext@6f1c29b7, started on Sat Mar 08 23:41:53 HKT 2025
2025-03-08T23:41:54.079+08:00  INFO 29424 --- [server] [           main] com.server.ServerApplication             : Server is running on port 8080
2025-03-08T23:42:27.258+08:00  INFO 29424 --- [server] [nio-8080-exec-1] o.a.c.c.C.[Tomcat].[localhost].[/]       : Initializing Spring DispatcherServlet 'dispatcherServlet'
2025-03-08T23:42:27.258+08:00  INFO 29424 --- [server] [nio-8080-exec-1] o.s.web.servlet.DispatcherServlet        : Initializing Servlet 'dispatcherServlet'
2025-03-08T23:42:27.258+08:00  INFO 29424 --- [server] [nio-8080-exec-1] o.s.web.servlet.DispatcherServlet        : Completed initialization in 0 ms
2025-03-08T23:42:27.369+08:00  INFO 29424 --- [server] [nio-8080-exec-1] c.s.controller.CustomOptionController    : Editing Custom Option (2) CustomOption [name_zh_hk=洋葱, name_zh_cn=洋葱, name_us_en=OnionOnion]
2025-03-08T23:42:27.382+08:00  INFO 29424 --- [server] [nio-8080-exec-1] com.zaxxer.hikari.HikariDataSource       : HikariPool-1 - Starting...
2025-03-08T23:42:27.532+08:00  INFO 29424 --- [server] [nio-8080-exec-1] com.zaxxer.hikari.pool.HikariPool        : HikariPool-1 - Added connection com.mysql.cj.jdbc.ConnectionImpl@17177aa3
2025-03-08T23:42:27.536+08:00  INFO 29424 --- [server] [nio-8080-exec-1] com.zaxxer.hikari.HikariDataSource       : HikariPool-1 - Start completed.
2025-03-08T23:42:27.556+08:00  INFO 29424 --- [server] [nio-8080-exec-1] c.s.controller.CustomOptionController    : Custom Option (2) edited successfully
2025-03-08T23:44:24.030+08:00  INFO 29424 --- [server] [nio-8080-exec-5] c.s.controller.CustomOptionController    : Editing Custom Option (2) CustomOption [name_zh_hk=洋葱, name_zh_cn=洋葱, name_us_en=OnionOnion]
2025-03-08T23:44:24.033+08:00  INFO 29424 --- [server] [nio-8080-exec-5] c.s.controller.CustomOptionController    : Custom Option (2) edited successfully
2025-03-08T23:44:46.844+08:00  INFO 29424 --- [server] [nio-8080-exec-6] c.s.controller.CustomOptionController    : Editing Custom Option (2) CustomOption [name_zh_hk=洋葱, name_zh_cn=洋葱, name_us_en=OnionOnion]
2025-03-08T23:44:46.844+08:00  INFO 29424 --- [server] [nio-8080-exec-6] c.s.controller.CustomOptionController    : Custom Option (2) edited successfully
2025-03-08T23:44:57.644+08:00  INFO 29424 --- [server] [nio-8080-exec-7] c.s.controller.CustomOptionController    : Editing Custom Option (2) CustomOption [name_zh_hk=洋葱, name_zh_cn=洋葱, name_us_en=OnionOnion]
2025-03-08T23:44:57.644+08:00  INFO 29424 --- [server] [nio-8080-exec-7] c.s.controller.CustomOptionController    : Custom Option (2) edited successfully
2025-03-08T23:47:15.071+08:00  INFO 29424 --- [server] [nio-8080-exec-4] c.s.controller.CustomOptionController    : Editing Custom Option (2) CustomOption [name_zh_hk=洋葱, name_zh_cn=洋葱, name_us_en=Onion]
2025-03-08T23:47:15.077+08:00  INFO 29424 --- [server] [nio-8080-exec-4] c.s.controller.CustomOptionController    : Custom Option (2) edited successfully
2025-03-08T23:49:31.436+08:00  INFO 29424 --- [server] [nio-8080-exec-6] c.s.controller.CustomOptionController    : Editing Custom Option (1) CustomOption [name_zh_hk=辣度, name_zh_cn=辣度, name_us_en=Spicy Level]
2025-03-08T23:49:31.439+08:00  INFO 29424 --- [server] [nio-8080-exec-6] c.s.controller.CustomOptionController    : Custom Option (1) edited successfully
2025-03-09T00:08:17.636+08:00  INFO 29424 --- [server] [io-8080-exec-10] c.s.controller.CustomOptionController    : Editing Custom Option (1) CustomOption [name_zh_hk=辣度, name_zh_cn=辣度, name_us_en=Spicy Level]
2025-03-09T00:08:17.639+08:00  INFO 29424 --- [server] [io-8080-exec-10] c.s.controller.CustomOptionController    : Custom Option (1) edited successfully
2025-03-09T00:09:17.153+08:00  INFO 29424 --- [server] [nio-8080-exec-4] c.s.controller.CustomOptionController    : Editing Custom Option (1) CustomOption [name_zh_hk=辣度, name_zh_cn=辣度, name_us_en=Spicy Level]
2025-03-09T00:09:17.155+08:00  INFO 29424 --- [server] [nio-8080-exec-4] c.s.controller.CustomOptionController    : Custom Option (1) edited successfully
2025-03-09T00:10:30.962+08:00  INFO 29424 --- [server] [nio-8080-exec-6] c.s.controller.CustomOptionController    : Editing Custom Option (1) CustomOption [name_zh_hk=辣度, name_zh_cn=辣度, name_us_en=Spicy Level]
2025-03-09T00:10:30.964+08:00  INFO 29424 --- [server] [nio-8080-exec-6] c.s.controller.CustomOptionController    : Custom Option (1) edited successfully
2025-03-09T00:20:05.254+08:00  INFO 29424 --- [server] [ionShutdownHook] o.s.b.w.e.tomcat.GracefulShutdown        : Commencing graceful shutdown. Waiting for active requests to complete
2025-03-09T00:20:05.258+08:00  INFO 29424 --- [server] [tomcat-shutdown] o.s.b.w.e.tomcat.GracefulShutdown        : Graceful shutdown complete
2025-03-09T00:20:05.264+08:00  INFO 29424 --- [server] [ionShutdownHook] com.zaxxer.hikari.HikariDataSource       : HikariPool-1 - Shutdown initiated...
2025-03-09T00:20:05.268+08:00  INFO 29424 --- [server] [ionShutdownHook] com.zaxxer.hikari.HikariDataSource       : HikariPool-1 - Shutdown completed.
