
  .   ____          _            __ _ _
 /\\ / ___'_ __ _ _(_)_ __  __ _ \ \ \ \
( ( )\___ | '_ | '_| | '_ \/ _` | \ \ \ \
 \\/  ___)| |_)| | | | | || (_| |  ) ) ) )
  '  |____| .__|_| |_|_| |_\__, | / / / /
 =========|_|==============|___/=/_/_/_/

 :: Spring Boot ::       (v3.4.2-SNAPSHOT)

2025-03-04T20:59:27.352+08:00  INFO 8284 --- [server] [           main] com.server.ServerApplication             : Starting ServerApplication using Java 21.0.5 with PID 8284 (C:\Users\kahei\Desktop\ive-fyp\server\target\classes started by kahei in C:\Users\kahei\Desktop\ive-fyp\server)
2025-03-04T20:59:27.361+08:00  INFO 8284 --- [server] [           main] com.server.ServerApplication             : No active profile set, falling back to 1 default profile: "default"
2025-03-04T20:59:27.810+08:00  INFO 8284 --- [server] [           main] o.s.b.w.embedded.tomcat.TomcatWebServer  : Tomcat initialized with port 8080 (http)
2025-03-04T20:59:27.818+08:00  INFO 8284 --- [server] [           main] o.apache.catalina.core.StandardService   : Starting service [Tomcat]
2025-03-04T20:59:27.818+08:00  INFO 8284 --- [server] [           main] o.apache.catalina.core.StandardEngine    : Starting Servlet engine: [Apache Tomcat/10.1.34]
2025-03-04T20:59:27.844+08:00  INFO 8284 --- [server] [           main] o.a.c.c.C.[Tomcat].[localhost].[/]       : Initializing Spring embedded WebApplicationContext
2025-03-04T20:59:27.845+08:00  INFO 8284 --- [server] [           main] w.s.c.ServletWebServerApplicationContext : Root WebApplicationContext: initialization completed in 466 ms
2025-03-04T20:59:28.137+08:00  INFO 8284 --- [server] [           main] o.s.b.w.embedded.tomcat.TomcatWebServer  : Tomcat started on port 8080 (http) with context path '/'
2025-03-04T20:59:28.141+08:00  INFO 8284 --- [server] [           main] com.server.ServerApplication             : Started ServerApplication in 0.972 seconds (process running for 1.136)
org.springframework.boot.web.servlet.context.AnnotationConfigServletWebServerApplicationContext@6f1c29b7, started on Tue Mar 04 20:59:27 HKT 2025
2025-03-04T20:59:28.142+08:00  INFO 8284 --- [server] [           main] com.server.ServerApplication             : Server is running on port 8080
2025-03-04T20:59:57.357+08:00  INFO 8284 --- [server] [nio-8080-exec-1] o.a.c.c.C.[Tomcat].[localhost].[/]       : Initializing Spring DispatcherServlet 'dispatcherServlet'
2025-03-04T20:59:57.358+08:00  INFO 8284 --- [server] [nio-8080-exec-1] o.s.web.servlet.DispatcherServlet        : Initializing Servlet 'dispatcherServlet'
2025-03-04T20:59:57.359+08:00  INFO 8284 --- [server] [nio-8080-exec-1] o.s.web.servlet.DispatcherServlet        : Completed initialization in 1 ms
2025-03-04T20:59:57.479+08:00  INFO 8284 --- [server] [nio-8080-exec-1] com.zaxxer.hikari.HikariDataSource       : HikariPool-1 - Starting...
2025-03-04T20:59:57.650+08:00  INFO 8284 --- [server] [nio-8080-exec-1] com.zaxxer.hikari.pool.HikariPool        : HikariPool-1 - Added connection com.mysql.cj.jdbc.ConnectionImpl@522a1ed9
2025-03-04T20:59:57.652+08:00  INFO 8284 --- [server] [nio-8080-exec-1] com.zaxxer.hikari.HikariDataSource       : HikariPool-1 - Start completed.
2025-03-04T20:59:57.671+08:00  INFO 8284 --- [server] [nio-8080-exec-1] com.server.controller.AdminController    : Admin(13069259) deleted successfully
2025-03-04T21:26:12.135+08:00  INFO 8284 --- [server] [nio-8080-exec-8] com.server.controller.AdminController    : Admin(59246832) deleted successfully
2025-03-04T21:26:54.443+08:00  INFO 8284 --- [server] [ionShutdownHook] o.s.b.w.e.tomcat.GracefulShutdown        : Commencing graceful shutdown. Waiting for active requests to complete
2025-03-04T21:26:54.451+08:00  INFO 8284 --- [server] [tomcat-shutdown] o.s.b.w.e.tomcat.GracefulShutdown        : Graceful shutdown complete
2025-03-04T21:26:54.455+08:00  INFO 8284 --- [server] [ionShutdownHook] com.zaxxer.hikari.HikariDataSource       : HikariPool-1 - Shutdown initiated...
2025-03-04T21:26:54.473+08:00  INFO 8284 --- [server] [ionShutdownHook] com.zaxxer.hikari.HikariDataSource       : HikariPool-1 - Shutdown completed.
