
  .   ____          _            __ _ _
 /\\ / ___'_ __ _ _(_)_ __  __ _ \ \ \ \
( ( )\___ | '_ | '_| | '_ \/ _` | \ \ \ \
 \\/  ___)| |_)| | | | | || (_| |  ) ) ) )
  '  |____| .__|_| |_|_| |_\__, | / / / /
 =========|_|==============|___/=/_/_/_/

 :: Spring Boot ::       (v3.4.2-SNAPSHOT)

2025-03-27T23:43:35.104+08:00  INFO 30384 --- [server] [           main] com.server.ServerApplication             : Starting ServerApplication using Java 21.0.5 with PID 30384 (C:\Users\kahei\Desktop\ive-fyp\server\target\classes started by kahei in C:\Users\kahei\Desktop\ive-fyp\server)
2025-03-27T23:43:35.106+08:00  INFO 30384 --- [server] [           main] com.server.ServerApplication             : No active profile set, falling back to 1 default profile: "default"
2025-03-27T23:43:35.642+08:00  INFO 30384 --- [server] [           main] o.s.b.w.embedded.tomcat.TomcatWebServer  : Tomcat initialized with port 8080 (http)
2025-03-27T23:43:35.651+08:00  INFO 30384 --- [server] [           main] o.apache.catalina.core.StandardService   : Starting service [Tomcat]
2025-03-27T23:43:35.651+08:00  INFO 30384 --- [server] [           main] o.apache.catalina.core.StandardEngine    : Starting Servlet engine: [Apache Tomcat/10.1.34]
2025-03-27T23:43:35.679+08:00  INFO 30384 --- [server] [           main] o.a.c.c.C.[Tomcat].[localhost].[/]       : Initializing Spring embedded WebApplicationContext
2025-03-27T23:43:35.681+08:00  INFO 30384 --- [server] [           main] w.s.c.ServletWebServerApplicationContext : Root WebApplicationContext: initialization completed in 553 ms
2025-03-27T23:43:36.027+08:00  INFO 30384 --- [server] [           main] o.s.b.w.embedded.tomcat.TomcatWebServer  : Tomcat started on port 8080 (http) with context path '/'
2025-03-27T23:43:36.031+08:00  INFO 30384 --- [server] [           main] com.server.ServerApplication             : Started ServerApplication in 1.128 seconds (process running for 1.318)
org.springframework.boot.web.servlet.context.AnnotationConfigServletWebServerApplicationContext@6f1c29b7, started on Thu Mar 27 23:43:35 HKT 2025
2025-03-27T23:43:36.032+08:00  INFO 30384 --- [server] [           main] com.server.ServerApplication             : Server is running on port 8080
2025-03-27T23:43:46.538+08:00  INFO 30384 --- [server] [nio-8080-exec-2] o.a.c.c.C.[Tomcat].[localhost].[/]       : Initializing Spring DispatcherServlet 'dispatcherServlet'
2025-03-27T23:43:46.538+08:00  INFO 30384 --- [server] [nio-8080-exec-2] o.s.web.servlet.DispatcherServlet        : Initializing Servlet 'dispatcherServlet'
2025-03-27T23:43:46.538+08:00  INFO 30384 --- [server] [nio-8080-exec-2] o.s.web.servlet.DispatcherServlet        : Completed initialization in 0 ms
2025-03-27T23:43:46.637+08:00  INFO 30384 --- [server] [nio-8080-exec-2] com.server.service.AdminService          : Checking password for staff ID: 12345678
2025-03-27T23:43:46.637+08:00  INFO 30384 --- [server] [nio-8080-exec-2] com.server.service.AdminService          : Input password: root_root
2025-03-27T23:43:46.676+08:00  INFO 30384 --- [server] [nio-8080-exec-2] com.zaxxer.hikari.HikariDataSource       : HikariPool-1 - Starting...
2025-03-27T23:43:46.843+08:00  INFO 30384 --- [server] [nio-8080-exec-2] com.zaxxer.hikari.pool.HikariPool        : HikariPool-1 - Added connection com.mysql.cj.jdbc.ConnectionImpl@77ea5a15
2025-03-27T23:43:46.846+08:00  INFO 30384 --- [server] [nio-8080-exec-2] com.zaxxer.hikari.HikariDataSource       : HikariPool-1 - Start completed.
2025-03-27T23:43:46.917+08:00  INFO 30384 --- [server] [nio-8080-exec-2] com.server.service.AdminService          : Staff ID: 12345678
2025-03-27T23:43:46.917+08:00  INFO 30384 --- [server] [nio-8080-exec-2] com.server.service.AdminService          : Decrypted password: root_root
2025-03-27T23:44:30.469+08:00  INFO 30384 --- [server] [nio-8080-exec-8] com.server.service.AdminService          : Checking password for staff ID: 12345678
2025-03-27T23:44:30.469+08:00  INFO 30384 --- [server] [nio-8080-exec-8] com.server.service.AdminService          : Input password: root_root
2025-03-27T23:44:30.475+08:00  INFO 30384 --- [server] [nio-8080-exec-8] com.server.service.AdminService          : Staff ID: 12345678
2025-03-27T23:44:30.475+08:00  INFO 30384 --- [server] [nio-8080-exec-8] com.server.service.AdminService          : Decrypted password: root_root
2025-03-27T23:45:00.281+08:00  INFO 30384 --- [server] [nio-8080-exec-4] com.server.service.AdminService          : Checking password for staff ID: 12345678
2025-03-27T23:45:00.281+08:00  INFO 30384 --- [server] [nio-8080-exec-4] com.server.service.AdminService          : Input password: root_root
2025-03-27T23:45:00.288+08:00  INFO 30384 --- [server] [nio-8080-exec-4] com.server.service.AdminService          : Staff ID: 12345678
2025-03-27T23:45:00.288+08:00  INFO 30384 --- [server] [nio-8080-exec-4] com.server.service.AdminService          : Decrypted password: root_root
2025-03-27T23:45:30.395+08:00  INFO 30384 --- [server] [nio-8080-exec-5] com.server.service.AdminService          : Checking password for staff ID: 12345678
2025-03-27T23:45:30.395+08:00  INFO 30384 --- [server] [nio-8080-exec-5] com.server.service.AdminService          : Input password: root_root
2025-03-27T23:45:30.401+08:00  INFO 30384 --- [server] [nio-8080-exec-5] com.server.service.AdminService          : Staff ID: 12345678
2025-03-27T23:45:30.401+08:00  INFO 30384 --- [server] [nio-8080-exec-5] com.server.service.AdminService          : Decrypted password: root_root
