
  .   ____          _            __ _ _
 /\\ / ___'_ __ _ _(_)_ __  __ _ \ \ \ \
( ( )\___ | '_ | '_| | '_ \/ _` | \ \ \ \
 \\/  ___)| |_)| | | | | || (_| |  ) ) ) )
  '  |____| .__|_| |_|_| |_\__, | / / / /
 =========|_|==============|___/=/_/_/_/

 :: Spring Boot ::       (v3.4.2-SNAPSHOT)

2025-03-04T11:44:14.052+08:00  INFO 20500 --- [server] [           main] com.server.ServerApplication             : Starting ServerApplication using Java 21.0.5 with PID 20500 (C:\GitHub_Cloned_Project\ive-fyp\server\target\classes started by a9545 in C:\GitHub_Cloned_Project\ive-fyp\server)
2025-03-04T11:44:14.070+08:00  INFO 20500 --- [server] [           main] com.server.ServerApplication             : No active profile set, falling back to 1 default profile: "default"
2025-03-04T11:44:15.519+08:00  INFO 20500 --- [server] [           main] o.s.b.w.embedded.tomcat.TomcatWebServer  : Tomcat initialized with port 8080 (http)
2025-03-04T11:44:15.545+08:00  INFO 20500 --- [server] [           main] o.apache.catalina.core.StandardService   : Starting service [Tomcat]
2025-03-04T11:44:15.545+08:00  INFO 20500 --- [server] [           main] o.apache.catalina.core.StandardEngine    : Starting Servlet engine: [Apache Tomcat/10.1.34]
2025-03-04T11:44:15.647+08:00  INFO 20500 --- [server] [           main] o.a.c.c.C.[Tomcat].[localhost].[/]       : Initializing Spring embedded WebApplicationContext
2025-03-04T11:44:15.649+08:00  INFO 20500 --- [server] [           main] w.s.c.ServletWebServerApplicationContext : Root WebApplicationContext: initialization completed in 1518 ms
2025-03-04T11:44:16.822+08:00  INFO 20500 --- [server] [           main] o.s.b.w.embedded.tomcat.TomcatWebServer  : Tomcat started on port 8080 (http) with context path '/'
2025-03-04T11:44:16.836+08:00  INFO 20500 --- [server] [           main] com.server.ServerApplication             : Started ServerApplication in 3.434 seconds (process running for 4.051)
org.springframework.boot.web.servlet.context.AnnotationConfigServletWebServerApplicationContext@4d6025c5, started on Tue Mar 04 11:44:14 HKT 2025
2025-03-04T11:44:16.841+08:00  INFO 20500 --- [server] [           main] com.server.ServerApplication             : Server is running on port 8080
2025-03-04T11:45:04.416+08:00  INFO 20500 --- [server] [nio-8080-exec-3] o.a.c.c.C.[Tomcat].[localhost].[/]       : Initializing Spring DispatcherServlet 'dispatcherServlet'
2025-03-04T11:45:04.417+08:00  INFO 20500 --- [server] [nio-8080-exec-3] o.s.web.servlet.DispatcherServlet        : Initializing Servlet 'dispatcherServlet'
2025-03-04T11:45:04.420+08:00  INFO 20500 --- [server] [nio-8080-exec-3] o.s.web.servlet.DispatcherServlet        : Completed initialization in 3 ms
2025-03-04T11:45:04.547+08:00  INFO 20500 --- [server] [nio-8080-exec-1] com.zaxxer.hikari.HikariDataSource       : HikariPool-1 - Starting...
2025-03-04T11:45:04.952+08:00  INFO 20500 --- [server] [nio-8080-exec-1] com.zaxxer.hikari.pool.HikariPool        : HikariPool-1 - Added connection com.mysql.cj.jdbc.ConnectionImpl@4a6f9f76
2025-03-04T11:45:04.955+08:00  INFO 20500 --- [server] [nio-8080-exec-1] com.zaxxer.hikari.HikariDataSource       : HikariPool-1 - Start completed.
